#
# There is insufficient memory for the Java Runtime Environment to continue.
# Native memory allocation (malloc) failed to allocate 1046576 bytes for Chunk::new
# Possible reasons:
#   The system is out of physical RAM or swap space
#   The process is running with CompressedOops enabled, and the Java Heap may be blocking the growth of the native heap
# Possible solutions:
#   Reduce memory load on the system
#   Increase physical memory or swap space
#   Check if swap backing store is full
#   Decrease Java heap size (-Xmx/-Xms)
#   Decrease number of Java threads
#   Decrease Java thread stack sizes (-Xss)
#   Set larger code cache with -XX:ReservedCodeCacheSize=
#   JVM is running with Unscaled Compressed Oops mode in which the Java heap is
#     placed in the first 4GB address space. The Java Heap base address is the
#     maximum limit for the native heap growth. Please use -XX:HeapBaseMinAddress
#     to set the Java Heap base and to place the Java Heap above 4GB virtual address.
# This output file may be truncated or incomplete.
#
#  Out of Memory Error (./open/src/hotspot/share/memory/arena.cpp:197), pid=6660, tid=7552
#
# JRE version: Java(TM) SE Runtime Environment 18.9 (11.0.9+7) (build 11.0.9+7-LTS)
# Java VM: Java HotSpot(TM) 64-Bit Server VM 18.9 (11.0.9+7-LTS, mixed mode, tiered, compressed oops, g1 gc, windows-amd64)
# No core dump will be written. Minidumps are not enabled by default on client versions of Windows
#

---------------  S U M M A R Y ------------

Command Line: -javaagent:C:\Program Files\JetBrains\IntelliJ IDEA 2019.3\lib\idea_rt.jar=58127:C:\Program Files\JetBrains\IntelliJ IDEA 2019.3\bin -Dfile.encoding=UTF-8 com.tatchik.catalog.CatalogApplication

Host: Intel(R) Core(TM) i5-2410M CPU @ 2.30GHz, 4 cores, 7G,  Windows 10 , 64 bit Build 19041 (10.0.19041.804)
Time: Tue Apr 13 07:51:59 2021 RTZ 2 (зима) elapsed time: 9.197803 seconds (0d 0h 0m 9s)

---------------  T H R E A D  ---------------

Current thread (0x000001c7cfcab800):  JavaThread "C2 CompilerThread1" daemon [_thread_in_native, id=7552, stack(0x0000008529100000,0x0000008529200000)]


Current CompileTask:
C2:   9198 3776       4       org.springframework.beans.factory.support.AbstractBeanFactory::isTypeMatch (607 bytes)

Stack: [0x0000008529100000,0x0000008529200000]
Native frames: (J=compiled Java code, j=interpreted, Vv=VM code, C=native code)
V  [jvm.dll+0x611a3a]
V  [jvm.dll+0x748aaf]
V  [jvm.dll+0x74a135]
V  [jvm.dll+0x74a7b3]
V  [jvm.dll+0x2439f8]
V  [jvm.dll+0xba2bc]
V  [jvm.dll+0xba9bc]
V  [jvm.dll+0x3454e7]
V  [jvm.dll+0x194221]
V  [jvm.dll+0x1fd5a2]
V  [jvm.dll+0x1fc64f]
V  [jvm.dll+0x17f08c]
V  [jvm.dll+0x20bc54]
V  [jvm.dll+0x209d2b]
V  [jvm.dll+0x7103d9]
V  [jvm.dll+0x709114]
V  [jvm.dll+0x610cb6]
C  [ucrtbase.dll+0x21bb2]
C  [KERNEL32.DLL+0x17034]
C  [ntdll.dll+0x52651]


---------------  P R O C E S S  ---------------

Threads class SMR info:
_java_thread_list=0x000001c7d0d02700, length=12, elements={
0x000001c7ad5f2000, 0x000001c7cba99800, 0x000001c7cbabd000, 0x000001c7cc453000,
0x000001c7cbad5000, 0x000001c7cbad6000, 0x000001c7cbafc000, 0x000001c7cbafd000,
0x000001c7cc5a5000, 0x000001c7cc93d800, 0x000001c7cc777800, 0x000001c7cfcab800
}

Java Threads: ( => current thread )
  0x000001c7ad5f2000 JavaThread "main" [_thread_in_vm, id=10360, stack(0x0000008528200000,0x0000008528300000)]
  0x000001c7cba99800 JavaThread "Reference Handler" daemon [_thread_blocked, id=788, stack(0x0000008528900000,0x0000008528a00000)]
  0x000001c7cbabd000 JavaThread "Finalizer" daemon [_thread_blocked, id=7112, stack(0x0000008528a00000,0x0000008528b00000)]
  0x000001c7cc453000 JavaThread "Signal Dispatcher" daemon [_thread_blocked, id=11176, stack(0x0000008528b00000,0x0000008528c00000)]
  0x000001c7cbad5000 JavaThread "Attach Listener" daemon [_thread_blocked, id=12912, stack(0x0000008528c00000,0x0000008528d00000)]
  0x000001c7cbad6000 JavaThread "C2 CompilerThread0" daemon [_thread_in_native, id=10488, stack(0x0000008528d00000,0x0000008528e00000)]
  0x000001c7cbafc000 JavaThread "C1 CompilerThread0" daemon [_thread_blocked, id=3140, stack(0x0000008528e00000,0x0000008528f00000)]
  0x000001c7cbafd000 JavaThread "Sweeper thread" daemon [_thread_blocked, id=12816, stack(0x0000008528f00000,0x0000008529000000)]
  0x000001c7cc5a5000 JavaThread "Common-Cleaner" daemon [_thread_blocked, id=11872, stack(0x0000008529000000,0x0000008529100000)]
  0x000001c7cc93d800 JavaThread "Monitor Ctrl-Break" daemon [_thread_in_native, id=13016, stack(0x0000008529200000,0x0000008529300000)]
  0x000001c7cc777800 JavaThread "Service Thread" daemon [_thread_blocked, id=12260, stack(0x0000008529300000,0x0000008529400000)]
=>0x000001c7cfcab800 JavaThread "C2 CompilerThread1" daemon [_thread_in_native, id=7552, stack(0x0000008529100000,0x0000008529200000)]

Other Threads:
  0x000001c7cba97800 VMThread "VM Thread" [stack: 0x0000008528800000,0x0000008528900000] [id=12836]
  0x000001c7cc9b1000 WatcherThread [stack: 0x0000008529400000,0x0000008529500000] [id=5536]
  0x000001c7ad607800 GCTaskThread "GC Thread#0" [stack: 0x0000008528300000,0x0000008528400000] [id=12860]
  0x000001c7ccee8000 GCTaskThread "GC Thread#1" [stack: 0x0000008529500000,0x0000008529600000] [id=8656]
  0x000001c7cd009000 GCTaskThread "GC Thread#2" [stack: 0x0000008529600000,0x0000008529700000] [id=2356]
  0x000001c7cd65c000 GCTaskThread "GC Thread#3" [stack: 0x0000008529800000,0x0000008529900000] [id=13112]
  0x000001c7ad638000 ConcurrentGCThread "G1 Main Marker" [stack: 0x0000008528400000,0x0000008528500000] [id=6648]
  0x000001c7ad639800 ConcurrentGCThread "G1 Conc#0" [stack: 0x0000008528500000,0x0000008528600000] [id=12928]
  0x000001c7ad6ca000 ConcurrentGCThread "G1 Refine#0" [stack: 0x0000008528600000,0x0000008528700000] [id=11704]
  0x000001c7ad6cb000 ConcurrentGCThread "G1 Young RemSet Sampling" [stack: 0x0000008528700000,0x0000008528800000] [id=10256]

Threads with active compile tasks:
C2 CompilerThread0   9241 3787       4       org.springframework.boot.context.properties.source.ConfigurationPropertyName$ElementsParser::parse (234 bytes)
C2 CompilerThread1   9241 3776       4       org.springframework.beans.factory.support.AbstractBeanFactory::isTypeMatch (607 bytes)

VM state:not at safepoint (normal execution)

VM Mutex/Monitor currently owned by a thread: None

Heap address: 0x0000000081600000, size: 2026 MB, Compressed Oops mode: 32-bit
Narrow klass base: 0x0000000000000000, Narrow klass shift: 3
Compressed class space size: 1073741824 Address: 0x0000000100000000

Heap:
 garbage-first heap   total 158720K, used 73575K [0x0000000081600000, 0x0000000100000000)
  region size 1024K, 68 young (69632K), 9 survivors (9216K)
 Metaspace       used 37340K, capacity 38409K, committed 38576K, reserved 1083392K
  class space    used 4312K, capacity 4750K, committed 4864K, reserved 1048576K
Heap Regions: E=young(eden), S=young(survivor), O=old, HS=humongous(starts), HC=humongous(continues), CS=collection set, F=free, A=archive, TAMS=top-at-mark-start (previous, next)
|   0|0x0000000081600000, 0x0000000081700000, 0x0000000081700000|100%|HS|  |TAMS 0x0000000081700000, 0x0000000081600000| Complete 
|   1|0x0000000081700000, 0x0000000081800000, 0x0000000081800000|100%| O|  |TAMS 0x0000000081800000, 0x0000000081700000| Untracked 
|   2|0x0000000081800000, 0x0000000081900000, 0x0000000081900000|100%| O|  |TAMS 0x0000000081900000, 0x0000000081800000| Untracked 
|   3|0x0000000081900000, 0x0000000081a00000, 0x0000000081a00000|100%| O|  |TAMS 0x0000000081a00000, 0x0000000081900000| Untracked 
|   4|0x0000000081a00000, 0x0000000081b00000, 0x0000000081b00000|100%| O|  |TAMS 0x0000000081b00000, 0x0000000081a00000| Untracked 
|   5|0x0000000081b00000, 0x0000000081c00000, 0x0000000081c00000|100%| O|  |TAMS 0x0000000081c00000, 0x0000000081b00000| Untracked 
|   6|0x0000000081c00000, 0x0000000081c00000, 0x0000000081d00000|  0%| F|  |TAMS 0x0000000081c00000, 0x0000000081c00000| Untracked 
|   7|0x0000000081d00000, 0x0000000081d00000, 0x0000000081e00000|  0%| F|  |TAMS 0x0000000081d00000, 0x0000000081d00000| Untracked 
|   8|0x0000000081e00000, 0x0000000081e00000, 0x0000000081f00000|  0%| F|  |TAMS 0x0000000081e00000, 0x0000000081e00000| Untracked 
|   9|0x0000000081f00000, 0x0000000081f00000, 0x0000000082000000|  0%| F|  |TAMS 0x0000000081f00000, 0x0000000081f00000| Untracked 
|  10|0x0000000082000000, 0x0000000082000000, 0x0000000082100000|  0%| F|  |TAMS 0x0000000082000000, 0x0000000082000000| Untracked 
|  11|0x0000000082100000, 0x0000000082100000, 0x0000000082200000|  0%| F|  |TAMS 0x0000000082100000, 0x0000000082100000| Untracked 
|  12|0x0000000082200000, 0x0000000082200000, 0x0000000082300000|  0%| F|  |TAMS 0x0000000082200000, 0x0000000082200000| Untracked 
|  13|0x0000000082300000, 0x0000000082300000, 0x0000000082400000|  0%| F|  |TAMS 0x0000000082300000, 0x0000000082300000| Untracked 
|  14|0x0000000082400000, 0x0000000082400000, 0x0000000082500000|  0%| F|  |TAMS 0x0000000082400000, 0x0000000082400000| Untracked 
|  15|0x0000000082500000, 0x0000000082500000, 0x0000000082600000|  0%| F|  |TAMS 0x0000000082500000, 0x0000000082500000| Untracked 
|  16|0x0000000082600000, 0x0000000082600000, 0x0000000082700000|  0%| F|  |TAMS 0x0000000082600000, 0x0000000082600000| Untracked 
|  17|0x0000000082700000, 0x0000000082700000, 0x0000000082800000|  0%| F|  |TAMS 0x0000000082700000, 0x0000000082700000| Untracked 
|  18|0x0000000082800000, 0x0000000082800000, 0x0000000082900000|  0%| F|  |TAMS 0x0000000082800000, 0x0000000082800000| Untracked 
|  19|0x0000000082900000, 0x0000000082900000, 0x0000000082a00000|  0%| F|  |TAMS 0x0000000082900000, 0x0000000082900000| Untracked 
|  20|0x0000000082a00000, 0x0000000082a00000, 0x0000000082b00000|  0%| F|  |TAMS 0x0000000082a00000, 0x0000000082a00000| Untracked 
|  21|0x0000000082b00000, 0x0000000082b00000, 0x0000000082c00000|  0%| F|  |TAMS 0x0000000082b00000, 0x0000000082b00000| Untracked 
|  22|0x0000000082c00000, 0x0000000082c00000, 0x0000000082d00000|  0%| F|  |TAMS 0x0000000082c00000, 0x0000000082c00000| Untracked 
|  23|0x0000000082d00000, 0x0000000082d00000, 0x0000000082e00000|  0%| F|  |TAMS 0x0000000082d00000, 0x0000000082d00000| Untracked 
|  24|0x0000000082e00000, 0x0000000082e00000, 0x0000000082f00000|  0%| F|  |TAMS 0x0000000082e00000, 0x0000000082e00000| Untracked 
|  25|0x0000000082f00000, 0x0000000082f00000, 0x0000000083000000|  0%| F|  |TAMS 0x0000000082f00000, 0x0000000082f00000| Untracked 
|  26|0x0000000083000000, 0x0000000083000000, 0x0000000083100000|  0%| F|  |TAMS 0x0000000083000000, 0x0000000083000000| Untracked 
|  27|0x0000000083100000, 0x0000000083100000, 0x0000000083200000|  0%| F|  |TAMS 0x0000000083100000, 0x0000000083100000| Untracked 
|  28|0x0000000083200000, 0x0000000083200000, 0x0000000083300000|  0%| F|  |TAMS 0x0000000083200000, 0x0000000083200000| Untracked 
|  29|0x0000000083300000, 0x0000000083300000, 0x0000000083400000|  0%| F|  |TAMS 0x0000000083300000, 0x0000000083300000| Untracked 
|  30|0x0000000083400000, 0x0000000083400000, 0x0000000083500000|  0%| F|  |TAMS 0x0000000083400000, 0x0000000083400000| Untracked 
|  31|0x0000000083500000, 0x0000000083500000, 0x0000000083600000|  0%| F|  |TAMS 0x0000000083500000, 0x0000000083500000| Untracked 
|  32|0x0000000083600000, 0x0000000083600000, 0x0000000083700000|  0%| F|  |TAMS 0x0000000083600000, 0x0000000083600000| Untracked 
|  33|0x0000000083700000, 0x0000000083700000, 0x0000000083800000|  0%| F|  |TAMS 0x0000000083700000, 0x0000000083700000| Untracked 
|  34|0x0000000083800000, 0x0000000083800000, 0x0000000083900000|  0%| F|  |TAMS 0x0000000083800000, 0x0000000083800000| Untracked 
|  35|0x0000000083900000, 0x0000000083900000, 0x0000000083a00000|  0%| F|  |TAMS 0x0000000083900000, 0x0000000083900000| Untracked 
|  36|0x0000000083a00000, 0x0000000083a00000, 0x0000000083b00000|  0%| F|  |TAMS 0x0000000083a00000, 0x0000000083a00000| Untracked 
|  37|0x0000000083b00000, 0x0000000083b00000, 0x0000000083c00000|  0%| F|  |TAMS 0x0000000083b00000, 0x0000000083b00000| Untracked 
|  38|0x0000000083c00000, 0x0000000083c00000, 0x0000000083d00000|  0%| F|  |TAMS 0x0000000083c00000, 0x0000000083c00000| Untracked 
|  39|0x0000000083d00000, 0x0000000083d00000, 0x0000000083e00000|  0%| F|  |TAMS 0x0000000083d00000, 0x0000000083d00000| Untracked 
|  40|0x0000000083e00000, 0x0000000083e00000, 0x0000000083f00000|  0%| F|  |TAMS 0x0000000083e00000, 0x0000000083e00000| Untracked 
|  41|0x0000000083f00000, 0x0000000083f00000, 0x0000000084000000|  0%| F|  |TAMS 0x0000000083f00000, 0x0000000083f00000| Untracked 
|  42|0x0000000084000000, 0x0000000084000000, 0x0000000084100000|  0%| F|  |TAMS 0x0000000084000000, 0x0000000084000000| Untracked 
|  43|0x0000000084100000, 0x0000000084100000, 0x0000000084200000|  0%| F|  |TAMS 0x0000000084100000, 0x0000000084100000| Untracked 
|  44|0x0000000084200000, 0x0000000084200000, 0x0000000084300000|  0%| F|  |TAMS 0x0000000084200000, 0x0000000084200000| Untracked 
|  45|0x0000000084300000, 0x0000000084300000, 0x0000000084400000|  0%| F|  |TAMS 0x0000000084300000, 0x0000000084300000| Untracked 
|  46|0x0000000084400000, 0x0000000084400000, 0x0000000084500000|  0%| F|  |TAMS 0x0000000084400000, 0x0000000084400000| Untracked 
|  47|0x0000000084500000, 0x0000000084500000, 0x0000000084600000|  0%| F|  |TAMS 0x0000000084500000, 0x0000000084500000| Untracked 
|  48|0x0000000084600000, 0x0000000084600000, 0x0000000084700000|  0%| F|  |TAMS 0x0000000084600000, 0x0000000084600000| Untracked 
|  49|0x0000000084700000, 0x0000000084700000, 0x0000000084800000|  0%| F|  |TAMS 0x0000000084700000, 0x0000000084700000| Untracked 
|  50|0x0000000084800000, 0x0000000084800000, 0x0000000084900000|  0%| F|  |TAMS 0x0000000084800000, 0x0000000084800000| Untracked 
|  51|0x0000000084900000, 0x0000000084900000, 0x0000000084a00000|  0%| F|  |TAMS 0x0000000084900000, 0x0000000084900000| Untracked 
|  52|0x0000000084a00000, 0x0000000084a00000, 0x0000000084b00000|  0%| F|  |TAMS 0x0000000084a00000, 0x0000000084a00000| Untracked 
|  53|0x0000000084b00000, 0x0000000084b00000, 0x0000000084c00000|  0%| F|  |TAMS 0x0000000084b00000, 0x0000000084b00000| Untracked 
|  54|0x0000000084c00000, 0x0000000084c00000, 0x0000000084d00000|  0%| F|  |TAMS 0x0000000084c00000, 0x0000000084c00000| Untracked 
|  55|0x0000000084d00000, 0x0000000084dd9e30, 0x0000000084e00000| 85%| S|CS|TAMS 0x0000000084d00000, 0x0000000084d00000| Complete 
|  56|0x0000000084e00000, 0x0000000084f00000, 0x0000000084f00000|100%| S|CS|TAMS 0x0000000084e00000, 0x0000000084e00000| Complete 
|  57|0x0000000084f00000, 0x0000000085000000, 0x0000000085000000|100%| S|CS|TAMS 0x0000000084f00000, 0x0000000084f00000| Complete 
|  58|0x0000000085000000, 0x0000000085000000, 0x0000000085100000|  0%| F|  |TAMS 0x0000000085000000, 0x0000000085000000| Untracked 
|  59|0x0000000085100000, 0x0000000085100000, 0x0000000085200000|  0%| F|  |TAMS 0x0000000085100000, 0x0000000085100000| Untracked 
|  60|0x0000000085200000, 0x0000000085200000, 0x0000000085300000|  0%| F|  |TAMS 0x0000000085200000, 0x0000000085200000| Untracked 
|  61|0x0000000085300000, 0x0000000085300000, 0x0000000085400000|  0%| F|  |TAMS 0x0000000085300000, 0x0000000085300000| Untracked 
|  62|0x0000000085400000, 0x0000000085400000, 0x0000000085500000|  0%| F|  |TAMS 0x0000000085400000, 0x0000000085400000| Untracked 
|  63|0x0000000085500000, 0x0000000085600000, 0x0000000085600000|100%| S|CS|TAMS 0x0000000085500000, 0x0000000085500000| Complete 
|  64|0x0000000085600000, 0x0000000085700000, 0x0000000085700000|100%| S|CS|TAMS 0x0000000085600000, 0x0000000085600000| Complete 
|  65|0x0000000085700000, 0x0000000085800000, 0x0000000085800000|100%| S|CS|TAMS 0x0000000085700000, 0x0000000085700000| Complete 
|  66|0x0000000085800000, 0x0000000085900000, 0x0000000085900000|100%| S|CS|TAMS 0x0000000085800000, 0x0000000085800000| Complete 
|  67|0x0000000085900000, 0x0000000085a00000, 0x0000000085a00000|100%| S|CS|TAMS 0x0000000085900000, 0x0000000085900000| Complete 
|  68|0x0000000085a00000, 0x0000000085b00000, 0x0000000085b00000|100%| S|CS|TAMS 0x0000000085a00000, 0x0000000085a00000| Complete 
|  69|0x0000000085b00000, 0x0000000085b00000, 0x0000000085c00000|  0%| F|  |TAMS 0x0000000085b00000, 0x0000000085b00000| Untracked 
|  70|0x0000000085c00000, 0x0000000085c00000, 0x0000000085d00000|  0%| F|  |TAMS 0x0000000085c00000, 0x0000000085c00000| Untracked 
|  71|0x0000000085d00000, 0x0000000085d00000, 0x0000000085e00000|  0%| F|  |TAMS 0x0000000085d00000, 0x0000000085d00000| Untracked 
|  72|0x0000000085e00000, 0x0000000085e00000, 0x0000000085f00000|  0%| F|  |TAMS 0x0000000085e00000, 0x0000000085e00000| Untracked 
|  73|0x0000000085f00000, 0x0000000085f00000, 0x0000000086000000|  0%| F|  |TAMS 0x0000000085f00000, 0x0000000085f00000| Untracked 
|  74|0x0000000086000000, 0x0000000086000000, 0x0000000086100000|  0%| F|  |TAMS 0x0000000086000000, 0x0000000086000000| Untracked 
|  75|0x0000000086100000, 0x0000000086100000, 0x0000000086200000|  0%| F|  |TAMS 0x0000000086100000, 0x0000000086100000| Untracked 
|  76|0x0000000086200000, 0x0000000086200000, 0x0000000086300000|  0%| F|  |TAMS 0x0000000086200000, 0x0000000086200000| Untracked 
|  77|0x0000000086300000, 0x0000000086300000, 0x0000000086400000|  0%| F|  |TAMS 0x0000000086300000, 0x0000000086300000| Untracked 
|  78|0x0000000086400000, 0x0000000086400000, 0x0000000086500000|  0%| F|  |TAMS 0x0000000086400000, 0x0000000086400000| Untracked 
|  79|0x0000000086500000, 0x0000000086500000, 0x0000000086600000|  0%| F|  |TAMS 0x0000000086500000, 0x0000000086500000| Untracked 
|  80|0x0000000086600000, 0x0000000086600000, 0x0000000086700000|  0%| F|  |TAMS 0x0000000086600000, 0x0000000086600000| Untracked 
|  81|0x0000000086700000, 0x0000000086700000, 0x0000000086800000|  0%| F|  |TAMS 0x0000000086700000, 0x0000000086700000| Untracked 
|  82|0x0000000086800000, 0x0000000086800000, 0x0000000086900000|  0%| F|  |TAMS 0x0000000086800000, 0x0000000086800000| Untracked 
|  83|0x0000000086900000, 0x0000000086900000, 0x0000000086a00000|  0%| F|  |TAMS 0x0000000086900000, 0x0000000086900000| Untracked 
|  84|0x0000000086a00000, 0x0000000086a00000, 0x0000000086b00000|  0%| F|  |TAMS 0x0000000086a00000, 0x0000000086a00000| Untracked 
|  85|0x0000000086b00000, 0x0000000086b00000, 0x0000000086c00000|  0%| F|  |TAMS 0x0000000086b00000, 0x0000000086b00000| Untracked 
|  86|0x0000000086c00000, 0x0000000086c00000, 0x0000000086d00000|  0%| F|  |TAMS 0x0000000086c00000, 0x0000000086c00000| Untracked 
|  87|0x0000000086d00000, 0x0000000086d00000, 0x0000000086e00000|  0%| F|  |TAMS 0x0000000086d00000, 0x0000000086d00000| Untracked 
|  88|0x0000000086e00000, 0x0000000086e00000, 0x0000000086f00000|  0%| F|  |TAMS 0x0000000086e00000, 0x0000000086e00000| Untracked 
|  89|0x0000000086f00000, 0x0000000086f00000, 0x0000000087000000|  0%| F|  |TAMS 0x0000000086f00000, 0x0000000086f00000| Untracked 
|  90|0x0000000087000000, 0x0000000087000000, 0x0000000087100000|  0%| F|  |TAMS 0x0000000087000000, 0x0000000087000000| Untracked 
|  91|0x0000000087100000, 0x0000000087100000, 0x0000000087200000|  0%| F|  |TAMS 0x0000000087100000, 0x0000000087100000| Untracked 
|  92|0x0000000087200000, 0x0000000087200000, 0x0000000087300000|  0%| F|  |TAMS 0x0000000087200000, 0x0000000087200000| Untracked 
|  93|0x0000000087300000, 0x0000000087300000, 0x0000000087400000|  0%| F|  |TAMS 0x0000000087300000, 0x0000000087300000| Untracked 
|  94|0x0000000087400000, 0x0000000087400000, 0x0000000087500000|  0%| F|  |TAMS 0x0000000087400000, 0x0000000087400000| Untracked 
|  95|0x0000000087500000, 0x0000000087500000, 0x0000000087600000|  0%| F|  |TAMS 0x0000000087500000, 0x0000000087500000| Untracked 
|  96|0x0000000087600000, 0x0000000087680800, 0x0000000087700000| 50%| E|  |TAMS 0x0000000087600000, 0x0000000087600000| Complete 
|  97|0x0000000087700000, 0x0000000087800000, 0x0000000087800000|100%| E|CS|TAMS 0x0000000087700000, 0x0000000087700000| Complete 
|  98|0x0000000087800000, 0x0000000087900000, 0x0000000087900000|100%| E|CS|TAMS 0x0000000087800000, 0x0000000087800000| Complete 
|  99|0x0000000087900000, 0x0000000087a00000, 0x0000000087a00000|100%| E|CS|TAMS 0x0000000087900000, 0x0000000087900000| Complete 
| 100|0x0000000087a00000, 0x0000000087b00000, 0x0000000087b00000|100%| E|CS|TAMS 0x0000000087a00000, 0x0000000087a00000| Complete 
| 101|0x0000000087b00000, 0x0000000087c00000, 0x0000000087c00000|100%| E|CS|TAMS 0x0000000087b00000, 0x0000000087b00000| Complete 
| 102|0x0000000087c00000, 0x0000000087d00000, 0x0000000087d00000|100%| E|CS|TAMS 0x0000000087c00000, 0x0000000087c00000| Complete 
| 103|0x0000000087d00000, 0x0000000087e00000, 0x0000000087e00000|100%| E|CS|TAMS 0x0000000087d00000, 0x0000000087d00000| Complete 
| 104|0x0000000087e00000, 0x0000000087f00000, 0x0000000087f00000|100%| E|CS|TAMS 0x0000000087e00000, 0x0000000087e00000| Complete 
| 105|0x0000000087f00000, 0x0000000088000000, 0x0000000088000000|100%| E|CS|TAMS 0x0000000087f00000, 0x0000000087f00000| Complete 
| 106|0x0000000088000000, 0x0000000088100000, 0x0000000088100000|100%| E|CS|TAMS 0x0000000088000000, 0x0000000088000000| Complete 
| 107|0x0000000088100000, 0x0000000088200000, 0x0000000088200000|100%| E|CS|TAMS 0x0000000088100000, 0x0000000088100000| Complete 
| 108|0x0000000088200000, 0x0000000088300000, 0x0000000088300000|100%| E|CS|TAMS 0x0000000088200000, 0x0000000088200000| Complete 
| 109|0x0000000088300000, 0x0000000088400000, 0x0000000088400000|100%| E|CS|TAMS 0x0000000088300000, 0x0000000088300000| Complete 
| 110|0x0000000088400000, 0x0000000088500000, 0x0000000088500000|100%| E|CS|TAMS 0x0000000088400000, 0x0000000088400000| Complete 
| 111|0x0000000088500000, 0x0000000088600000, 0x0000000088600000|100%| E|CS|TAMS 0x0000000088500000, 0x0000000088500000| Complete 
| 112|0x0000000088600000, 0x0000000088700000, 0x0000000088700000|100%| E|CS|TAMS 0x0000000088600000, 0x0000000088600000| Complete 
| 113|0x0000000088700000, 0x0000000088800000, 0x0000000088800000|100%| E|CS|TAMS 0x0000000088700000, 0x0000000088700000| Complete 
| 114|0x0000000088800000, 0x0000000088900000, 0x0000000088900000|100%| E|  |TAMS 0x0000000088800000, 0x0000000088800000| Complete 
| 115|0x0000000088900000, 0x0000000088a00000, 0x0000000088a00000|100%| E|CS|TAMS 0x0000000088900000, 0x0000000088900000| Complete 
| 116|0x0000000088a00000, 0x0000000088b00000, 0x0000000088b00000|100%| E|CS|TAMS 0x0000000088a00000, 0x0000000088a00000| Complete 
| 117|0x0000000088b00000, 0x0000000088c00000, 0x0000000088c00000|100%| E|CS|TAMS 0x0000000088b00000, 0x0000000088b00000| Complete 
| 118|0x0000000088c00000, 0x0000000088d00000, 0x0000000088d00000|100%| E|CS|TAMS 0x0000000088c00000, 0x0000000088c00000| Complete 
| 119|0x0000000088d00000, 0x0000000088e00000, 0x0000000088e00000|100%| E|CS|TAMS 0x0000000088d00000, 0x0000000088d00000| Complete 
| 120|0x0000000088e00000, 0x0000000088f00000, 0x0000000088f00000|100%| E|CS|TAMS 0x0000000088e00000, 0x0000000088e00000| Complete 
| 121|0x0000000088f00000, 0x0000000089000000, 0x0000000089000000|100%| E|CS|TAMS 0x0000000088f00000, 0x0000000088f00000| Complete 
| 122|0x0000000089000000, 0x0000000089100000, 0x0000000089100000|100%| E|CS|TAMS 0x0000000089000000, 0x0000000089000000| Complete 
| 123|0x0000000089100000, 0x0000000089200000, 0x0000000089200000|100%| E|CS|TAMS 0x0000000089100000, 0x0000000089100000| Complete 
| 124|0x0000000089200000, 0x0000000089300000, 0x0000000089300000|100%| E|CS|TAMS 0x0000000089200000, 0x0000000089200000| Complete 
| 125|0x0000000089300000, 0x0000000089400000, 0x0000000089400000|100%| E|CS|TAMS 0x0000000089300000, 0x0000000089300000| Complete 
| 126|0x0000000089400000, 0x0000000089500000, 0x0000000089500000|100%| E|CS|TAMS 0x0000000089400000, 0x0000000089400000| Complete 
| 127|0x0000000089500000, 0x0000000089600000, 0x0000000089600000|100%| E|CS|TAMS 0x0000000089500000, 0x0000000089500000| Complete 
| 128|0x0000000089600000, 0x0000000089700000, 0x0000000089700000|100%| E|CS|TAMS 0x0000000089600000, 0x0000000089600000| Complete 
| 129|0x0000000089700000, 0x0000000089800000, 0x0000000089800000|100%| E|CS|TAMS 0x0000000089700000, 0x0000000089700000| Complete 
| 130|0x0000000089800000, 0x0000000089900000, 0x0000000089900000|100%| E|CS|TAMS 0x0000000089800000, 0x0000000089800000| Complete 
| 131|0x0000000089900000, 0x0000000089a00000, 0x0000000089a00000|100%| E|CS|TAMS 0x0000000089900000, 0x0000000089900000| Complete 
| 132|0x0000000089a00000, 0x0000000089b00000, 0x0000000089b00000|100%| E|CS|TAMS 0x0000000089a00000, 0x0000000089a00000| Complete 
| 133|0x0000000089b00000, 0x0000000089c00000, 0x0000000089c00000|100%| E|CS|TAMS 0x0000000089b00000, 0x0000000089b00000| Complete 
| 134|0x0000000089c00000, 0x0000000089d00000, 0x0000000089d00000|100%| E|CS|TAMS 0x0000000089c00000, 0x0000000089c00000| Complete 
| 135|0x0000000089d00000, 0x0000000089e00000, 0x0000000089e00000|100%| E|CS|TAMS 0x0000000089d00000, 0x0000000089d00000| Complete 
| 136|0x0000000089e00000, 0x0000000089f00000, 0x0000000089f00000|100%| E|CS|TAMS 0x0000000089e00000, 0x0000000089e00000| Complete 
| 137|0x0000000089f00000, 0x000000008a000000, 0x000000008a000000|100%| E|CS|TAMS 0x0000000089f00000, 0x0000000089f00000| Complete 
| 138|0x000000008a000000, 0x000000008a100000, 0x000000008a100000|100%| E|CS|TAMS 0x000000008a000000, 0x000000008a000000| Complete 
| 139|0x000000008a100000, 0x000000008a200000, 0x000000008a200000|100%| E|CS|TAMS 0x000000008a100000, 0x000000008a100000| Complete 
| 140|0x000000008a200000, 0x000000008a300000, 0x000000008a300000|100%| E|CS|TAMS 0x000000008a200000, 0x000000008a200000| Complete 
| 141|0x000000008a300000, 0x000000008a400000, 0x000000008a400000|100%| E|CS|TAMS 0x000000008a300000, 0x000000008a300000| Complete 
| 142|0x000000008a400000, 0x000000008a500000, 0x000000008a500000|100%| E|CS|TAMS 0x000000008a400000, 0x000000008a400000| Complete 
| 143|0x000000008a500000, 0x000000008a600000, 0x000000008a600000|100%| E|CS|TAMS 0x000000008a500000, 0x000000008a500000| Complete 
| 144|0x000000008a600000, 0x000000008a700000, 0x000000008a700000|100%| E|CS|TAMS 0x000000008a600000, 0x000000008a600000| Complete 
| 145|0x000000008a700000, 0x000000008a800000, 0x000000008a800000|100%| E|CS|TAMS 0x000000008a700000, 0x000000008a700000| Complete 
| 146|0x000000008a800000, 0x000000008a900000, 0x000000008a900000|100%| E|CS|TAMS 0x000000008a800000, 0x000000008a800000| Complete 
| 147|0x000000008a900000, 0x000000008aa00000, 0x000000008aa00000|100%| E|CS|TAMS 0x000000008a900000, 0x000000008a900000| Complete 
| 148|0x000000008aa00000, 0x000000008ab00000, 0x000000008ab00000|100%| E|CS|TAMS 0x000000008aa00000, 0x000000008aa00000| Complete 
| 149|0x000000008ab00000, 0x000000008ac00000, 0x000000008ac00000|100%| E|CS|TAMS 0x000000008ab00000, 0x000000008ab00000| Complete 
| 150|0x000000008ac00000, 0x000000008ad00000, 0x000000008ad00000|100%| E|CS|TAMS 0x000000008ac00000, 0x000000008ac00000| Complete 
| 151|0x000000008ad00000, 0x000000008ae00000, 0x000000008ae00000|100%| E|CS|TAMS 0x000000008ad00000, 0x000000008ad00000| Complete 
| 152|0x000000008ae00000, 0x000000008af00000, 0x000000008af00000|100%| E|CS|TAMS 0x000000008ae00000, 0x000000008ae00000| Complete 
| 153|0x000000008af00000, 0x000000008b000000, 0x000000008b000000|100%| E|CS|TAMS 0x000000008af00000, 0x000000008af00000| Complete 
| 154|0x000000008b000000, 0x000000008b100000, 0x000000008b100000|100%| E|CS|TAMS 0x000000008b000000, 0x000000008b000000| Complete 

Card table byte_map: [0x000001c7c4e70000,0x000001c7c5270000] _byte_map_base: 0x000001c7c4a65000

Marking Bits (Prev, Next): (CMBitMap*) 0x000001c7ad62f608, (CMBitMap*) 0x000001c7ad62f640
 Prev Bits: [0x000001c7c5670000, 0x000001c7c7618000)
 Next Bits: [0x000001c7c7620000, 0x000001c7c95c8000)

Polling page: 0x000001c7acdd0000

Metaspace:

Usage:
  Non-class:     32.93 MB capacity,    32.33 MB ( 98%) used,   489.41 KB (  1%) free+waste,   128.63 KB ( <1%) overhead. 
      Class:      4.64 MB capacity,     4.22 MB ( 91%) used,   364.49 KB (  8%) free+waste,    61.00 KB (  1%) overhead. 
       Both:     37.57 MB capacity,    36.55 MB ( 97%) used,   853.90 KB (  2%) free+waste,   189.63 KB ( <1%) overhead. 

Virtual space:
  Non-class space:       34.00 MB reserved,      33.17 MB ( 98%) committed 
      Class space:        1.00 GB reserved,       4.75 MB ( <1%) committed 
             Both:        1.03 GB reserved,      37.92 MB (  4%) committed 

Chunk freelists:
   Non-Class:  6.63 KB
       Class:  2.25 KB
        Both:  8.88 KB

CodeHeap 'non-profiled nmethods': size=120064Kb used=1885Kb max_used=1885Kb free=118178Kb
 bounds [0x000001c7bd530000, 0x000001c7bd7a0000, 0x000001c7c4a70000]
CodeHeap 'profiled nmethods': size=120000Kb used=9210Kb max_used=9210Kb free=110789Kb
 bounds [0x000001c7b6000000, 0x000001c7b6900000, 0x000001c7bd530000]
CodeHeap 'non-nmethods': size=5696Kb used=1138Kb max_used=1178Kb free=4557Kb
 bounds [0x000001c7b5a70000, 0x000001c7b5ce0000, 0x000001c7b6000000]
 total_blobs=4306 nmethods=3845 adapters=372
 compilation: enabled
              stopped_count=0, restarted_count=0
 full_count=0

Compilation events (10 events):
Event: 9.190 Thread 0x000001c7cbafc000 nmethod 3852 0x000001c7b68f7790 code [0x000001c7b68f7920, 0x000001c7b68f7a78]
Event: 9.193 Thread 0x000001c7cbafc000 3853       2       java.lang.StringUTF16::length (5 bytes)
Event: 9.193 Thread 0x000001c7cbafc000 nmethod 3853 0x000001c7b68f7b10 code [0x000001c7b68f7ca0, 0x000001c7b68f7dd8]
Event: 9.193 Thread 0x000001c7cbafc000 3854       2       java.lang.StringUTF16::checkIndex (9 bytes)
Event: 9.193 Thread 0x000001c7cbafc000 nmethod 3854 0x000001c7b68f7e90 code [0x000001c7b68f8040, 0x000001c7b68f81b0]
Event: 9.193 Thread 0x000001c7cbafc000 3855       2       java.lang.StringUTF16::putCharSB (12 bytes)
Event: 9.193 Thread 0x000001c7cbafc000 nmethod 3855 0x000001c7b68f8290 code [0x000001c7b68f8440, 0x000001c7b68f85d0]
Event: 9.193 Thread 0x000001c7cbafc000 3856       2       java.lang.StringUTF16::charAt (11 bytes)
Event: 9.194 Thread 0x000001c7cbafc000 nmethod 3856 0x000001c7b68f8710 code [0x000001c7b68f88c0, 0x000001c7b68f8a50]
Event: 9.194 Thread 0x000001c7cbafc000 3857       2       java.lang.AbstractStringBuilder::setLength (66 bytes)

GC Heap History (10 events):
Event: 3.286 GC heap before
{Heap before GC invocations=2 (full 0):
 garbage-first heap   total 131072K, used 34398K [0x0000000081600000, 0x0000000100000000)
  region size 1024K, 28 young (28672K), 1 survivors (1024K)
 Metaspace       used 17545K, capacity 18046K, committed 18304K, reserved 1064960K
  class space    used 1884K, capacity 2072K, committed 2176K, reserved 1048576K
}
Event: 3.333 GC heap after
{Heap after GC invocations=3 (full 0):
 garbage-first heap   total 131072K, used 8114K [0x0000000081600000, 0x0000000100000000)
  region size 1024K, 2 young (2048K), 2 survivors (2048K)
 Metaspace       used 17545K, capacity 18046K, committed 18304K, reserved 1064960K
  class space    used 1884K, capacity 2072K, committed 2176K, reserved 1048576K
}
Event: 3.807 GC heap before
{Heap before GC invocations=3 (full 0):
 garbage-first heap   total 131072K, used 22450K [0x0000000081600000, 0x0000000100000000)
  region size 1024K, 18 young (18432K), 2 survivors (2048K)
 Metaspace       used 20596K, capacity 21158K, committed 21296K, reserved 1069056K
  class space    used 2202K, capacity 2407K, committed 2432K, reserved 1048576K
}
Event: 3.812 GC heap after
{Heap after GC invocations=4 (full 0):
 garbage-first heap   total 131072K, used 8599K [0x0000000081600000, 0x0000000100000000)
  region size 1024K, 3 young (3072K), 3 survivors (3072K)
 Metaspace       used 20596K, capacity 21158K, committed 21296K, reserved 1069056K
  class space    used 2202K, capacity 2407K, committed 2432K, reserved 1048576K
}
Event: 4.567 GC heap before
{Heap before GC invocations=5 (full 0):
 garbage-first heap   total 131072K, used 49559K [0x0000000081600000, 0x0000000100000000)
  region size 1024K, 44 young (45056K), 3 survivors (3072K)
 Metaspace       used 24136K, capacity 24725K, committed 24880K, reserved 1071104K
  class space    used 2685K, capacity 2896K, committed 2944K, reserved 1048576K
}
Event: 4.577 GC heap after
{Heap after GC invocations=6 (full 0):
 garbage-first heap   total 131072K, used 9754K [0x0000000081600000, 0x0000000100000000)
  region size 1024K, 4 young (4096K), 4 survivors (4096K)
 Metaspace       used 24136K, capacity 24725K, committed 24880K, reserved 1071104K
  class space    used 2685K, capacity 2896K, committed 2944K, reserved 1048576K
}
Event: 5.892 GC heap before
{Heap before GC invocations=6 (full 0):
 garbage-first heap   total 131072K, used 71194K [0x0000000081600000, 0x0000000100000000)
  region size 1024K, 65 young (66560K), 4 survivors (4096K)
 Metaspace       used 27543K, capacity 28234K, committed 28464K, reserved 1075200K
  class space    used 3099K, capacity 3395K, committed 3456K, reserved 1048576K
}
Event: 5.902 GC heap after
{Heap after GC invocations=7 (full 0):
 garbage-first heap   total 131072K, used 11264K [0x0000000081600000, 0x0000000100000000)
  region size 1024K, 5 young (5120K), 5 survivors (5120K)
 Metaspace       used 27543K, capacity 28234K, committed 28464K, reserved 1075200K
  class space    used 3099K, capacity 3395K, committed 3456K, reserved 1048576K
}
Event: 8.396 GC heap before
{Heap before GC invocations=7 (full 0):
 garbage-first heap   total 131072K, used 70656K [0x0000000081600000, 0x0000000100000000)
  region size 1024K, 64 young (65536K), 5 survivors (5120K)
 Metaspace       used 34574K, capacity 35599K, committed 35632K, reserved 1081344K
  class space    used 4011K, capacity 4453K, committed 4480K, reserved 1048576K
}
Event: 8.417 GC heap after
{Heap after GC invocations=8 (full 0):
 garbage-first heap   total 158720K, used 15207K [0x0000000081600000, 0x0000000100000000)
  region size 1024K, 9 young (9216K), 9 survivors (9216K)
 Metaspace       used 34574K, capacity 35599K, committed 35632K, reserved 1081344K
  class space    used 4011K, capacity 4453K, committed 4480K, reserved 1048576K
}

Deoptimization events (10 events):
Event: 8.580 Thread 0x000001c7ad5f2000 Uncommon trap: reason=class_check action=maybe_recompile pc=0x000001c7bd6474e4 method=java.util.zip.InflaterInputStream.read([BII)I @ 100 c2
Event: 8.580 Thread 0x000001c7ad5f2000 Uncommon trap: reason=class_check action=maybe_recompile pc=0x000001c7bd6474e4 method=java.util.zip.InflaterInputStream.read([BII)I @ 100 c2
Event: 8.582 Thread 0x000001c7ad5f2000 Uncommon trap: reason=class_check action=maybe_recompile pc=0x000001c7bd6474e4 method=java.util.zip.InflaterInputStream.read([BII)I @ 100 c2
Event: 8.582 Thread 0x000001c7ad5f2000 Uncommon trap: reason=class_check action=maybe_recompile pc=0x000001c7bd6474e4 method=java.util.zip.InflaterInputStream.read([BII)I @ 100 c2
Event: 8.665 Thread 0x000001c7ad5f2000 Uncommon trap: reason=speculate_class_check action=maybe_recompile pc=0x000001c7bd6f358c method=java.util.zip.InflaterInputStream.read([BII)I @ 100 c2
Event: 8.666 Thread 0x000001c7ad5f2000 Uncommon trap: reason=speculate_class_check action=maybe_recompile pc=0x000001c7bd6f358c method=java.util.zip.InflaterInputStream.read([BII)I @ 100 c2
Event: 8.667 Thread 0x000001c7ad5f2000 Uncommon trap: reason=speculate_class_check action=maybe_recompile pc=0x000001c7bd6f358c method=java.util.zip.InflaterInputStream.read([BII)I @ 100 c2
Event: 8.669 Thread 0x000001c7ad5f2000 Uncommon trap: reason=speculate_class_check action=maybe_recompile pc=0x000001c7bd6f358c method=java.util.zip.InflaterInputStream.read([BII)I @ 100 c2
Event: 8.832 Thread 0x000001c7ad5f2000 Uncommon trap: reason=null_check action=make_not_entrant pc=0x000001c7bd661928 method=org.springframework.util.ClassUtils.isAssignable(Ljava/lang/Class;Ljava/lang/Class;)Z @ 14 c2
Event: 9.130 Thread 0x000001c7ad5f2000 Uncommon trap: reason=unstable_if action=reinterpret pc=0x000001c7bd6f20ec method=java.lang.String.valueOf(Ljava/lang/Object;)Ljava/lang/String; @ 1 c2

Classes redefined (0 events):
No events

Internal exceptions (10 events):
Event: 8.954 Thread 0x000001c7ad5f2000 Exception <a 'java/lang/ClassNotFoundException'{0x0000000087d69fc8}: javax/sql/DataSourceCustomizer> (0x0000000087d69fc8) thrown at [./open/src/hotspot/share/classfile/systemDictionary.cpp, line 228]
Event: 8.956 Thread 0x000001c7ad5f2000 Exception <a 'java/lang/ClassNotFoundException'{0x0000000087d73838}: javax/sql/CommonDataSourceCustomizer> (0x0000000087d73838) thrown at [./open/src/hotspot/share/classfile/systemDictionary.cpp, line 228]
Event: 8.960 Thread 0x000001c7ad5f2000 Exception <a 'java/lang/ClassNotFoundException'{0x0000000087d7c558}: java/sql/WrapperCustomizer> (0x0000000087d7c558) thrown at [./open/src/hotspot/share/classfile/systemDictionary.cpp, line 228]
Event: 8.976 Thread 0x000001c7ad5f2000 Exception <a 'java/lang/ClassNotFoundException'{0x0000000087d8e830}: com/zaxxer/hikari/HikariConfigMXBeanCustomizer> (0x0000000087d8e830) thrown at [./open/src/hotspot/share/classfile/systemDictionary.cpp, line 228]
Event: 9.063 Thread 0x000001c7ad5f2000 Exception <a 'java/lang/ClassNotFoundException'{0x0000000087b9ab28}: java/lang/ObjectCustomizer> (0x0000000087b9ab28) thrown at [./open/src/hotspot/share/classfile/systemDictionary.cpp, line 228]
Event: 9.066 Thread 0x000001c7ad5f2000 Exception <a 'java/lang/ClassNotFoundException'{0x0000000087bb2790}: org/springframework/boot/autoconfigure/jdbc/DataSourceInitializerInvokerCustomizer> (0x0000000087bb2790) thrown at [./open/src/hotspot/share/classfile/systemDictionary.cpp, line 228]
Event: 9.070 Thread 0x000001c7ad5f2000 Exception <a 'java/lang/ClassNotFoundException'{0x0000000087bc9798}: org/springframework/context/ApplicationListenerCustomizer> (0x0000000087bc9798) thrown at [./open/src/hotspot/share/classfile/systemDictionary.cpp, line 228]
Event: 9.073 Thread 0x000001c7ad5f2000 Exception <a 'java/lang/ClassNotFoundException'{0x0000000087bd0538}: java/util/EventListenerCustomizer> (0x0000000087bd0538) thrown at [./open/src/hotspot/share/classfile/systemDictionary.cpp, line 228]
Event: 9.075 Thread 0x000001c7ad5f2000 Exception <a 'java/lang/ClassNotFoundException'{0x0000000087be2318}: org/springframework/beans/factory/InitializingBeanCustomizer> (0x0000000087be2318) thrown at [./open/src/hotspot/share/classfile/systemDictionary.cpp, line 228]
Event: 9.130 Thread 0x000001c7ad5f2000 Implicit null exception at 0x000001c7bd6f20ac to 0x000001c7bd6f20de

Events (10 events):
Event: 9.183 loading class java/util/concurrent/atomic/AtomicReferenceFieldUpdater$AtomicReferenceFieldUpdaterImpl$1
Event: 9.183 loading class java/util/concurrent/atomic/AtomicReferenceFieldUpdater$AtomicReferenceFieldUpdaterImpl$1 done
Event: 9.186 loading class org/h2/util/IOUtils
Event: 9.186 loading class org/h2/util/IOUtils done
Event: 9.187 loading class java/io/StringWriter
Event: 9.187 loading class java/io/StringWriter done
Event: 9.187 Thread 0x000001c7ad5f2000 DEOPT PACKING pc=0x000001c7b6890e91 sp=0x00000085282f9ac0
Event: 9.187 Thread 0x000001c7ad5f2000 DEOPT UNPACKING pc=0x000001c7b5a98cce sp=0x00000085282f8fb0 mode 0
Event: 9.191 loading class org/h2/util/StringUtils
Event: 9.191 loading class org/h2/util/StringUtils done


Dynamic libraries:
0x00007ff6e1590000 - 0x00007ff6e159f000 	C:\Program Files\Java\jdk-11.0.9\bin\java.exe
0x00007ffdb3eb0000 - 0x00007ffdb40a5000 	C:\WINDOWS\SYSTEM32\ntdll.dll
0x00007ffdb2ad0000 - 0x00007ffdb2b8d000 	C:\WINDOWS\System32\KERNEL32.DLL
0x00007ffdb15f0000 - 0x00007ffdb18b8000 	C:\WINDOWS\System32\KERNELBASE.dll
0x00007ffdb19a0000 - 0x00007ffdb1aa0000 	C:\WINDOWS\System32\ucrtbase.dll
0x00007ffda30d0000 - 0x00007ffda30e8000 	C:\Program Files\Java\jdk-11.0.9\bin\jli.dll
0x00007ffdb2d40000 - 0x00007ffdb2dec000 	C:\WINDOWS\System32\ADVAPI32.dll
0x00007ffdb2750000 - 0x00007ffdb27ee000 	C:\WINDOWS\System32\msvcrt.dll
0x00007ffdb3dd0000 - 0x00007ffdb3e6b000 	C:\WINDOWS\System32\sechost.dll
0x00007ffdb2ba0000 - 0x00007ffdb2ccb000 	C:\WINDOWS\System32\RPCRT4.dll
0x00007ffdb3200000 - 0x00007ffdb33a0000 	C:\WINDOWS\System32\USER32.dll
0x00007ffdb1970000 - 0x00007ffdb1992000 	C:\WINDOWS\System32\win32u.dll
0x00007ffdb2f50000 - 0x00007ffdb2f7a000 	C:\WINDOWS\System32\GDI32.dll
0x00007ffdb1b20000 - 0x00007ffdb1c2b000 	C:\WINDOWS\System32\gdi32full.dll
0x00007ffdb1cb0000 - 0x00007ffdb1d4d000 	C:\WINDOWS\System32\msvcp_win.dll
0x00007ffda3110000 - 0x00007ffda3125000 	C:\Program Files\Java\jdk-11.0.9\bin\VCRUNTIME140.dll
0x00007ffda1010000 - 0x00007ffda12aa000 	C:\WINDOWS\WinSxS\amd64_microsoft.windows.common-controls_6595b64144ccf1df_6.0.19041.844_none_ca00b6081b84eb1d\COMCTL32.dll
0x00007ffdaa260000 - 0x00007ffdaa26a000 	C:\WINDOWS\SYSTEM32\VERSION.dll
0x00007ffdb2910000 - 0x00007ffdb2940000 	C:\WINDOWS\System32\IMM32.DLL
0x00007ffd7e5b0000 - 0x00007ffd7e64b000 	C:\Program Files\Java\jdk-11.0.9\bin\msvcp140.dll
0x00007ffd57240000 - 0x00007ffd57d37000 	C:\Program Files\Java\jdk-11.0.9\bin\server\jvm.dll
0x00007ffdb23e0000 - 0x00007ffdb23e8000 	C:\WINDOWS\System32\PSAPI.DLL
0x00007ffd79730000 - 0x00007ffd79739000 	C:\WINDOWS\SYSTEM32\WSOCK32.dll
0x00007ffdb2cd0000 - 0x00007ffdb2d3b000 	C:\WINDOWS\System32\WS2_32.dll
0x00007ffdaa200000 - 0x00007ffdaa227000 	C:\WINDOWS\SYSTEM32\WINMM.dll
0x00007ffdaf530000 - 0x00007ffdaf542000 	C:\WINDOWS\SYSTEM32\kernel.appcore.dll
0x00007ffda9160000 - 0x00007ffda9170000 	C:\Program Files\Java\jdk-11.0.9\bin\verify.dll
0x00007ffda27b0000 - 0x00007ffda2994000 	C:\WINDOWS\SYSTEM32\DBGHELP.DLL
0x00007ffda2780000 - 0x00007ffda27ac000 	C:\WINDOWS\SYSTEM32\dbgcore.DLL
0x00007ffdb1aa0000 - 0x00007ffdb1b20000 	C:\WINDOWS\System32\bcryptPrimitives.dll
0x00007ffd902b0000 - 0x00007ffd902d8000 	C:\Program Files\Java\jdk-11.0.9\bin\java.dll
0x00007ffda7a20000 - 0x00007ffda7a2a000 	C:\Program Files\Java\jdk-11.0.9\bin\jimage.dll
0x00007ffda7950000 - 0x00007ffda795e000 	C:\Program Files\Java\jdk-11.0.9\bin\instrument.dll
0x00007ffd90290000 - 0x00007ffd902a6000 	C:\Program Files\Java\jdk-11.0.9\bin\zip.dll
0x00007ffdb3400000 - 0x00007ffdb3b42000 	C:\WINDOWS\System32\SHELL32.dll
0x00007ffdaf730000 - 0x00007ffdafec1000 	C:\WINDOWS\SYSTEM32\windows.storage.dll
0x00007ffdb23f0000 - 0x00007ffdb2745000 	C:\WINDOWS\System32\combase.dll
0x00007ffdb1060000 - 0x00007ffdb108c000 	C:\WINDOWS\SYSTEM32\Wldp.dll
0x00007ffdb3d20000 - 0x00007ffdb3dce000 	C:\WINDOWS\System32\SHCORE.dll
0x00007ffdb33a0000 - 0x00007ffdb33f5000 	C:\WINDOWS\System32\shlwapi.dll
0x00007ffdb1530000 - 0x00007ffdb154f000 	C:\WINDOWS\SYSTEM32\profapi.dll
0x00007ffd8c960000 - 0x00007ffd8c979000 	C:\Program Files\Java\jdk-11.0.9\bin\net.dll
0x00007ffda23d0000 - 0x00007ffda24db000 	C:\WINDOWS\SYSTEM32\WINHTTP.dll
0x00007ffdb0dd0000 - 0x00007ffdb0e3a000 	C:\WINDOWS\system32\mswsock.dll
0x00007ffd877d0000 - 0x00007ffd877e2000 	C:\Program Files\Java\jdk-11.0.9\bin\nio.dll
0x00007ffd877b0000 - 0x00007ffd877ca000 	C:\Program Files\JetBrains\IntelliJ IDEA 2019.3\bin\breakgen64.dll
0x00007ffda56c0000 - 0x00007ffda56c9000 	C:\Program Files\Java\jdk-11.0.9\bin\management.dll
0x00007ffda53e0000 - 0x00007ffda53eb000 	C:\Program Files\Java\jdk-11.0.9\bin\management_ext.dll
0x00007ffd8fab0000 - 0x00007ffd8fac7000 	C:\WINDOWS\system32\napinsp.dll
0x00007ffd8fa90000 - 0x00007ffd8faab000 	C:\WINDOWS\system32\pnrpnsp.dll
0x00007ffda9fb0000 - 0x00007ffda9fc5000 	C:\WINDOWS\system32\wshbth.dll
0x00007ffdaadb0000 - 0x00007ffdaadcd000 	C:\WINDOWS\system32\NLAapi.dll
0x00007ffdb0a70000 - 0x00007ffdb0aab000 	C:\WINDOWS\SYSTEM32\IPHLPAPI.DLL
0x00007ffdb0ac0000 - 0x00007ffdb0b8c000 	C:\WINDOWS\SYSTEM32\DNSAPI.dll
0x00007ffdb2b90000 - 0x00007ffdb2b98000 	C:\WINDOWS\System32\NSI.dll
0x00007ffd8fa70000 - 0x00007ffd8fa82000 	C:\WINDOWS\System32\winrnr.dll
0x0000000061c00000 - 0x0000000061c35000 	C:\Program Files\Bonjour\mdnsNSP.dll
0x00007ffd9b170000 - 0x00007ffd9b17a000 	C:\Windows\System32\rasadhlp.dll
0x00007ffd9e3b0000 - 0x00007ffd9e42f000 	C:\WINDOWS\System32\fwpuclnt.dll
0x00007ffdb1c30000 - 0x00007ffdb1c57000 	C:\WINDOWS\System32\bcrypt.dll
0x00007ffdb0fa0000 - 0x00007ffdb0fb8000 	C:\WINDOWS\SYSTEM32\CRYPTSP.dll
0x00007ffdb0700000 - 0x00007ffdb0734000 	C:\WINDOWS\system32\rsaenh.dll
0x00007ffdb14f0000 - 0x00007ffdb151e000 	C:\WINDOWS\SYSTEM32\USERENV.dll
0x00007ffdb0fc0000 - 0x00007ffdb0fcc000 	C:\WINDOWS\SYSTEM32\CRYPTBASE.dll
0x00007ffda2f70000 - 0x00007ffda2f87000 	C:\WINDOWS\SYSTEM32\dhcpcsvc6.DLL
0x00007ffda3280000 - 0x00007ffda329d000 	C:\WINDOWS\SYSTEM32\dhcpcsvc.DLL

dbghelp: loaded successfully - version: 4.0.5 - missing functions: none
symbol engine: initialized successfully - sym options: 0x614 - pdb path: .;C:\Program Files\Java\jdk-11.0.9\bin;C:\WINDOWS\SYSTEM32;C:\WINDOWS\WinSxS\amd64_microsoft.windows.common-controls_6595b64144ccf1df_6.0.19041.844_none_ca00b6081b84eb1d;C:\Program Files\Java\jdk-11.0.9\bin\server;C:\Program Files\JetBrains\IntelliJ IDEA 2019.3\bin;C:\Program Files\Bonjour

VM Arguments:
jvm_args: -javaagent:C:\Program Files\JetBrains\IntelliJ IDEA 2019.3\lib\idea_rt.jar=58127:C:\Program Files\JetBrains\IntelliJ IDEA 2019.3\bin -Dfile.encoding=UTF-8 
java_command: com.tatchik.catalog.CatalogApplication
java_class_path (initial): C:\Program Files\Java\jdk-11.0.9;C:\Users\Work\IdeaProjects\catalog\target\classes;C:\Users\Work\IdeaProjects\catalog\lib\javax.jms.jar;C:\Users\Work\IdeaProjects\catalog\lib\javax.resource.jar;C:\Users\Work\IdeaProjects\catalog\lib\javax.ejb.jar;C:\Users\Work\IdeaProjects\catalog;C:\Users\Work\.m2\repository\org\apache\tomcat\embed\tomcat-embed-core\9.0.43\tomcat-embed-core-9.0.43.jar;C:\Users\Work\.m2\repository\org\apache\tomcat\tomcat-annotations-api\9.0.43\tomcat-annotations-api-9.0.43.jar;C:\Users\Work\.m2\repository\org\springframework\boot\spring-boot-starter-data-jpa\2.4.3\spring-boot-starter-data-jpa-2.4.3.jar;C:\Users\Work\.m2\repository\org\springframework\boot\spring-boot-starter-aop\2.4.3\spring-boot-starter-aop-2.4.3.jar;C:\Users\Work\.m2\repository\org\springframework\spring-aop\5.3.4\spring-aop-5.3.4.jar;C:\Users\Work\.m2\repository\org\aspectj\aspectjweaver\1.9.6\aspectjweaver-1.9.6.jar;C:\Users\Work\.m2\repository\org\springframework\boot\spring-boot-starter-jdbc\2.4.3\spring-boot-starter-jdbc-2.4.3.jar;C:\Users\Work\.m2\repository\com\zaxxer\HikariCP\3.4.5\HikariCP-3.4.5.jar;C:\Users\Work\.m2\repository\org\springframework\spring-jdbc\5.3.4\spring-jdbc-5.3.4.jar;C:\Users\Work\.m2\repository\jakarta\transaction\jakarta.transaction-api\1.3.3\jakarta.transaction-api-1.3.3.jar;C:\Users\Work\.m2\repository\jakarta\persistence\jakarta.persistence-api\2.2.3\jakarta.persistence-api-2.2.3.jar;C:\Users\Work\.m2\repository\org\hibernate\hibernate-core\5.4.28.Final\hibernate-core-5.4.28.Final.jar;C:\Users\Work\.m2\repository\org\jboss\logging\jboss-logging\3.4.1.Final\jboss-logging-3.4.1.Final.jar;C:\Users\Work\.m2\repository\org\javassist\javassist\3.27.0-GA\javassist-3.27.0-GA.jar;C:\Users\Work\.m2\repository\net\bytebuddy\byte-buddy\1.10.20\byte-buddy-1.10.20.jar;C:\Users\Work\.m2\repository\antlr\antlr\2.7.7\antlr-2.7.7.jar;C:\Users\Work\.m2\repository\org\jboss\jandex\2.2.3.Final\jandex-2.2.3.Final.jar;C:\Users\Work\.m2\repo
Launcher Type: SUN_STANDARD

[Global flags]
     intx CICompilerCount                          = 3                                         {product} {ergonomic}
     uint ConcGCThreads                            = 1                                         {product} {ergonomic}
     uint G1ConcRefinementThreads                  = 4                                         {product} {ergonomic}
   size_t G1HeapRegionSize                         = 1048576                                   {product} {ergonomic}
    uintx GCDrainStackTargetSize                   = 64                                        {product} {ergonomic}
   size_t InitialHeapSize                          = 134217728                                 {product} {ergonomic}
   size_t MarkStackSize                            = 4194304                                   {product} {ergonomic}
   size_t MaxHeapSize                              = 2124414976                                {product} {ergonomic}
   size_t MaxNewSize                               = 1274019840                                {product} {ergonomic}
   size_t MinHeapDeltaBytes                        = 1048576                                   {product} {ergonomic}
    uintx NonNMethodCodeHeapSize                   = 5830732                                {pd product} {ergonomic}
    uintx NonProfiledCodeHeapSize                  = 122913754                              {pd product} {ergonomic}
    uintx ProfiledCodeHeapSize                     = 122913754                              {pd product} {ergonomic}
    uintx ReservedCodeCacheSize                    = 251658240                              {pd product} {ergonomic}
     bool SegmentedCodeCache                       = true                                      {product} {ergonomic}
     bool UseCompressedClassPointers               = true                                 {lp64_product} {ergonomic}
     bool UseCompressedOops                        = true                                 {lp64_product} {ergonomic}
     bool UseG1GC                                  = true                                      {product} {ergonomic}
     bool UseLargePagesIndividualAllocation        = false                                  {pd product} {ergonomic}

Logging:
Log output configuration:
 #0: stdout all=warning uptime,level,tags
 #1: stderr all=off uptime,level,tags

Environment Variables:
JAVA_HOME=C:\Program Files\Java\jdk-11.0.9
CLASSPATH=.;C:\Program Files (x86)\QuickTime\QTSystem\QTJava.zip
PATH=C:\Program Files\Java\jdk-11.0.9\bin;C:\WINDOWS\system32;C:\WINDOWS;C:\WINDOWS\System32\Wbem;C:\WINDOWS\System32\WindowsPowerShell\v1.0\;C:\WINDOWS\System32\OpenSSH\;C:\Program Files (x86)\ATI Technologies\ATI.ACE\Core-Static;C:\Program Files\Git\cmd;C:\Program Files (x86)\QuickTime\QTSystem\;C:\Program Files\MySQL\MySQL Shell 8.0\bin\;C:\Users\Work\AppData\Local\Microsoft\WindowsApps;C:\Program Files\JetBrains\IntelliJ IDEA Community Edition 2019.3\bin;C:\Users\Work\AppData\Local\Programs\Microsoft VS Code\bin;C:\Users\Work\AppData\Local\GitHubDesktop\bin;C:\Users\Work\AppData\Local\Microsoft\WindowsApps;;C:\Program Files\JetBrains\DataGrip 2020.3.2\bin;
USERNAME=Work
OS=Windows_NT
PROCESSOR_IDENTIFIER=Intel64 Family 6 Model 42 Stepping 7, GenuineIntel



---------------  S Y S T E M  ---------------

OS: Windows 10 , 64 bit Build 19041 (10.0.19041.804)

CPU:total 4 (initial active 4) (2 cores per cpu, 2 threads per core) family 6 model 42 stepping 7, cmov, cx8, fxsr, mmx, sse, sse2, sse3, ssse3, sse4.1, sse4.2, popcnt, avx, aes, clmul, ht, tsc, tscinvbit

Memory: 4k page, system-wide physical 8103M (1054M free)
TotalPageFile size 8903M (AvailPageFile size 5M)
current process WorkingSet (physical memory assigned to process): 244M, peak: 246M
current process commit charge ("private bytes"): 327M, peak: 328M

vm_info: Java HotSpot(TM) 64-Bit Server VM (11.0.9+7-LTS) for windows-amd64 JRE (11.0.9+7-LTS), built on Sep 15 2020 16:47:03 by "mach5one" with MS VC++ 15.9 (VS2017)

END.
