#
# There is insufficient memory for the Java Runtime Environment to continue.
# Native memory allocation (malloc) failed to allocate 219536 bytes for Chunk::new
# Possible reasons:
#   The system is out of physical RAM or swap space
#   The process is running with CompressedOops enabled, and the Java Heap may be blocking the growth of the native heap
# Possible solutions:
#   Reduce memory load on the system
#   Increase physical memory or swap space
#   Check if swap backing store is full
#   Decrease Java heap size (-Xmx/-Xms)
#   Decrease number of Java threads
#   Decrease Java thread stack sizes (-Xss)
#   Set larger code cache with -XX:ReservedCodeCacheSize=
#   JVM is running with Unscaled Compressed Oops mode in which the Java heap is
#     placed in the first 4GB address space. The Java Heap base address is the
#     maximum limit for the native heap growth. Please use -XX:HeapBaseMinAddress
#     to set the Java Heap base and to place the Java Heap above 4GB virtual address.
# This output file may be truncated or incomplete.
#
#  Out of Memory Error (./open/src/hotspot/share/memory/arena.cpp:197), pid=8900, tid=13036
#
# JRE version: Java(TM) SE Runtime Environment 18.9 (11.0.9+7) (build 11.0.9+7-LTS)
# Java VM: Java HotSpot(TM) 64-Bit Server VM 18.9 (11.0.9+7-LTS, mixed mode, tiered, compressed oops, g1 gc, windows-amd64)
# No core dump will be written. Minidumps are not enabled by default on client versions of Windows
#

---------------  S U M M A R Y ------------

Command Line: -javaagent:C:\Program Files\JetBrains\IntelliJ IDEA 2019.3\lib\idea_rt.jar=50614:C:\Program Files\JetBrains\IntelliJ IDEA 2019.3\bin -Dfile.encoding=UTF-8 com.tatchik.catalog.CatalogApplication

Host: Intel(R) Core(TM) i5-2410M CPU @ 2.30GHz, 4 cores, 7G,  Windows 10 , 64 bit Build 19041 (10.0.19041.804)
Time: Sat Apr 17 03:16:28 2021 RTZ 2 (зима) elapsed time: 1.140172 seconds (0d 0h 0m 1s)

---------------  T H R E A D  ---------------

Current thread (0x0000022cfe0e9000):  JavaThread "C2 CompilerThread0" daemon [_thread_in_native, id=13036, stack(0x0000006bec600000,0x0000006bec700000)]


Current CompileTask:
C2:   1140  481       4       java.util.HashMap::resize (356 bytes)

Stack: [0x0000006bec600000,0x0000006bec700000]
Native frames: (J=compiled Java code, j=interpreted, Vv=VM code, C=native code)
V  [jvm.dll+0x611a3a]
V  [jvm.dll+0x748aaf]
V  [jvm.dll+0x74a135]
V  [jvm.dll+0x74a7b3]
V  [jvm.dll+0x2439f8]
V  [jvm.dll+0xba2bc]
V  [jvm.dll+0xba9bc]
V  [jvm.dll+0x3454a2]
V  [jvm.dll+0x313343]
V  [jvm.dll+0x31268a]
V  [jvm.dll+0x1fd495]
V  [jvm.dll+0x1fc64f]
V  [jvm.dll+0x17f08c]
V  [jvm.dll+0x20bc54]
V  [jvm.dll+0x209d2b]
V  [jvm.dll+0x7103d9]
V  [jvm.dll+0x709114]
V  [jvm.dll+0x610cb6]
C  [ucrtbase.dll+0x21bb2]
C  [KERNEL32.DLL+0x17034]
C  [ntdll.dll+0x52651]


---------------  P R O C E S S  ---------------

Threads class SMR info:
_java_thread_list=0x0000022cff44a170, length=12, elements={
0x0000022cecc92800, 0x0000022cfe0ca800, 0x0000022cfe0cd800, 0x0000022cfea73000,
0x0000022cfe0e6800, 0x0000022cfe0e9000, 0x0000022cfeabe800, 0x0000022cfeabf800,
0x0000022cfe05d000, 0x0000022cfedbe000, 0x0000022cff066800, 0x0000022cff265000
}

Java Threads: ( => current thread )
  0x0000022cecc92800 JavaThread "main" [_thread_in_native, id=7172, stack(0x0000006bebb00000,0x0000006bebc00000)]
  0x0000022cfe0ca800 JavaThread "Reference Handler" daemon [_thread_blocked, id=10648, stack(0x0000006bec200000,0x0000006bec300000)]
  0x0000022cfe0cd800 JavaThread "Finalizer" daemon [_thread_blocked, id=11192, stack(0x0000006bec300000,0x0000006bec400000)]
  0x0000022cfea73000 JavaThread "Signal Dispatcher" daemon [_thread_blocked, id=7620, stack(0x0000006bec400000,0x0000006bec500000)]
  0x0000022cfe0e6800 JavaThread "Attach Listener" daemon [_thread_blocked, id=1740, stack(0x0000006bec500000,0x0000006bec600000)]
=>0x0000022cfe0e9000 JavaThread "C2 CompilerThread0" daemon [_thread_in_native, id=13036, stack(0x0000006bec600000,0x0000006bec700000)]
  0x0000022cfeabe800 JavaThread "C1 CompilerThread0" daemon [_thread_in_native, id=13008, stack(0x0000006bec700000,0x0000006bec800000)]
  0x0000022cfeabf800 JavaThread "Sweeper thread" daemon [_thread_blocked, id=12356, stack(0x0000006bec800000,0x0000006bec900000)]
  0x0000022cfe05d000 JavaThread "Common-Cleaner" daemon [_thread_blocked, id=9288, stack(0x0000006bec900000,0x0000006beca00000)]
  0x0000022cfedbe000 JavaThread "Monitor Ctrl-Break" daemon [_thread_in_native, id=2848, stack(0x0000006beca00000,0x0000006becb00000)]
  0x0000022cff066800 JavaThread "Service Thread" daemon [_thread_blocked, id=3540, stack(0x0000006becb00000,0x0000006becc00000)]
  0x0000022cff265000 JavaThread "C2 CompilerThread1" daemon [_thread_in_native, id=3392, stack(0x0000006bece00000,0x0000006becf00000)]

Other Threads:
  0x0000022cfe0a6800 VMThread "VM Thread" [stack: 0x0000006bec100000,0x0000006bec200000] [id=12200]
  0x0000022cfefe1800 WatcherThread [stack: 0x0000006becc00000,0x0000006becd00000] [id=5512]
  0x0000022cecca8000 GCTaskThread "GC Thread#0" [stack: 0x0000006bebc00000,0x0000006bebd00000] [id=10128]
  0x0000022c8f060000 GCTaskThread "GC Thread#1" [stack: 0x0000006becd00000,0x0000006bece00000] [id=3492]
  0x0000022c8f060800 GCTaskThread "GC Thread#2" [stack: 0x0000006becf00000,0x0000006bed000000] [id=11628]
  0x0000022ceccd9800 ConcurrentGCThread "G1 Main Marker" [stack: 0x0000006bebd00000,0x0000006bebe00000] [id=6152]
  0x0000022ceccdb000 ConcurrentGCThread "G1 Conc#0" [stack: 0x0000006bebe00000,0x0000006bebf00000] [id=8280]
  0x0000022cecd6d000 ConcurrentGCThread "G1 Refine#0" [stack: 0x0000006bebf00000,0x0000006bec000000] [id=12064]
  0x0000022cecd6e000 ConcurrentGCThread "G1 Young RemSet Sampling" [stack: 0x0000006bec000000,0x0000006bec100000] [id=6408]

Threads with active compile tasks:
C2 CompilerThread0   1547  481       4       java.util.HashMap::resize (356 bytes)
C2 CompilerThread1   1547  673       4       java.util.jar.Manifest$FastInputStream::readLine (296 bytes)

VM state:not at safepoint (normal execution)

VM Mutex/Monitor currently owned by a thread: None

Heap address: 0x0000000081600000, size: 2026 MB, Compressed Oops mode: 32-bit
Narrow klass base: 0x0000000000000000, Narrow klass shift: 3
Compressed class space size: 1073741824 Address: 0x0000000100000000

Heap:
 garbage-first heap   total 131072K, used 7242K [0x0000000081600000, 0x0000000100000000)
  region size 1024K, 4 young (4096K), 2 survivors (2048K)
 Metaspace       used 9603K, capacity 9794K, committed 9856K, reserved 1062912K
  class space    used 861K, capacity 878K, committed 896K, reserved 1048576K
Heap Regions: E=young(eden), S=young(survivor), O=old, HS=humongous(starts), HC=humongous(continues), CS=collection set, F=free, A=archive, TAMS=top-at-mark-start (previous, next)
|   0|0x0000000081600000, 0x0000000081700000, 0x0000000081700000|100%|HS|  |TAMS 0x0000000081600000, 0x0000000081600000| Complete 
|   1|0x0000000081700000, 0x0000000081800000, 0x0000000081800000|100%| O|  |TAMS 0x0000000081700000, 0x0000000081700000| Untracked 
|   2|0x0000000081800000, 0x0000000081900000, 0x0000000081900000|100%| O|  |TAMS 0x0000000081800000, 0x0000000081800000| Untracked 
|   3|0x0000000081900000, 0x0000000081a00000, 0x0000000081a00000|100%| O|  |TAMS 0x0000000081900000, 0x0000000081900000| Untracked 
|   4|0x0000000081a00000, 0x0000000081a12800, 0x0000000081b00000|  7%| O|  |TAMS 0x0000000081a00000, 0x0000000081a00000| Untracked 
|   5|0x0000000081b00000, 0x0000000081b00000, 0x0000000081c00000|  0%| F|  |TAMS 0x0000000081b00000, 0x0000000081b00000| Untracked 
|   6|0x0000000081c00000, 0x0000000081c00000, 0x0000000081d00000|  0%| F|  |TAMS 0x0000000081c00000, 0x0000000081c00000| Untracked 
|   7|0x0000000081d00000, 0x0000000081d00000, 0x0000000081e00000|  0%| F|  |TAMS 0x0000000081d00000, 0x0000000081d00000| Untracked 
|   8|0x0000000081e00000, 0x0000000081e00000, 0x0000000081f00000|  0%| F|  |TAMS 0x0000000081e00000, 0x0000000081e00000| Untracked 
|   9|0x0000000081f00000, 0x0000000081f00000, 0x0000000082000000|  0%| F|  |TAMS 0x0000000081f00000, 0x0000000081f00000| Untracked 
|  10|0x0000000082000000, 0x0000000082000000, 0x0000000082100000|  0%| F|  |TAMS 0x0000000082000000, 0x0000000082000000| Untracked 
|  11|0x0000000082100000, 0x0000000082100000, 0x0000000082200000|  0%| F|  |TAMS 0x0000000082100000, 0x0000000082100000| Untracked 
|  12|0x0000000082200000, 0x0000000082200000, 0x0000000082300000|  0%| F|  |TAMS 0x0000000082200000, 0x0000000082200000| Untracked 
|  13|0x0000000082300000, 0x0000000082300000, 0x0000000082400000|  0%| F|  |TAMS 0x0000000082300000, 0x0000000082300000| Untracked 
|  14|0x0000000082400000, 0x0000000082400000, 0x0000000082500000|  0%| F|  |TAMS 0x0000000082400000, 0x0000000082400000| Untracked 
|  15|0x0000000082500000, 0x0000000082500000, 0x0000000082600000|  0%| F|  |TAMS 0x0000000082500000, 0x0000000082500000| Untracked 
|  16|0x0000000082600000, 0x0000000082600000, 0x0000000082700000|  0%| F|  |TAMS 0x0000000082600000, 0x0000000082600000| Untracked 
|  17|0x0000000082700000, 0x0000000082700000, 0x0000000082800000|  0%| F|  |TAMS 0x0000000082700000, 0x0000000082700000| Untracked 
|  18|0x0000000082800000, 0x0000000082800000, 0x0000000082900000|  0%| F|  |TAMS 0x0000000082800000, 0x0000000082800000| Untracked 
|  19|0x0000000082900000, 0x0000000082900000, 0x0000000082a00000|  0%| F|  |TAMS 0x0000000082900000, 0x0000000082900000| Untracked 
|  20|0x0000000082a00000, 0x0000000082a00000, 0x0000000082b00000|  0%| F|  |TAMS 0x0000000082a00000, 0x0000000082a00000| Untracked 
|  21|0x0000000082b00000, 0x0000000082b00000, 0x0000000082c00000|  0%| F|  |TAMS 0x0000000082b00000, 0x0000000082b00000| Untracked 
|  22|0x0000000082c00000, 0x0000000082c00000, 0x0000000082d00000|  0%| F|  |TAMS 0x0000000082c00000, 0x0000000082c00000| Untracked 
|  23|0x0000000082d00000, 0x0000000082d00000, 0x0000000082e00000|  0%| F|  |TAMS 0x0000000082d00000, 0x0000000082d00000| Untracked 
|  24|0x0000000082e00000, 0x0000000082e00000, 0x0000000082f00000|  0%| F|  |TAMS 0x0000000082e00000, 0x0000000082e00000| Untracked 
|  25|0x0000000082f00000, 0x0000000082f00000, 0x0000000083000000|  0%| F|  |TAMS 0x0000000082f00000, 0x0000000082f00000| Untracked 
|  26|0x0000000083000000, 0x0000000083000000, 0x0000000083100000|  0%| F|  |TAMS 0x0000000083000000, 0x0000000083000000| Untracked 
|  27|0x0000000083100000, 0x0000000083100000, 0x0000000083200000|  0%| F|  |TAMS 0x0000000083100000, 0x0000000083100000| Untracked 
|  28|0x0000000083200000, 0x0000000083200000, 0x0000000083300000|  0%| F|  |TAMS 0x0000000083200000, 0x0000000083200000| Untracked 
|  29|0x0000000083300000, 0x0000000083300000, 0x0000000083400000|  0%| F|  |TAMS 0x0000000083300000, 0x0000000083300000| Untracked 
|  30|0x0000000083400000, 0x0000000083400000, 0x0000000083500000|  0%| F|  |TAMS 0x0000000083400000, 0x0000000083400000| Untracked 
|  31|0x0000000083500000, 0x0000000083500000, 0x0000000083600000|  0%| F|  |TAMS 0x0000000083500000, 0x0000000083500000| Untracked 
|  32|0x0000000083600000, 0x0000000083600000, 0x0000000083700000|  0%| F|  |TAMS 0x0000000083600000, 0x0000000083600000| Untracked 
|  33|0x0000000083700000, 0x0000000083700000, 0x0000000083800000|  0%| F|  |TAMS 0x0000000083700000, 0x0000000083700000| Untracked 
|  34|0x0000000083800000, 0x0000000083800000, 0x0000000083900000|  0%| F|  |TAMS 0x0000000083800000, 0x0000000083800000| Untracked 
|  35|0x0000000083900000, 0x0000000083900000, 0x0000000083a00000|  0%| F|  |TAMS 0x0000000083900000, 0x0000000083900000| Untracked 
|  36|0x0000000083a00000, 0x0000000083a00000, 0x0000000083b00000|  0%| F|  |TAMS 0x0000000083a00000, 0x0000000083a00000| Untracked 
|  37|0x0000000083b00000, 0x0000000083b00000, 0x0000000083c00000|  0%| F|  |TAMS 0x0000000083b00000, 0x0000000083b00000| Untracked 
|  38|0x0000000083c00000, 0x0000000083c00000, 0x0000000083d00000|  0%| F|  |TAMS 0x0000000083c00000, 0x0000000083c00000| Untracked 
|  39|0x0000000083d00000, 0x0000000083d00000, 0x0000000083e00000|  0%| F|  |TAMS 0x0000000083d00000, 0x0000000083d00000| Untracked 
|  40|0x0000000083e00000, 0x0000000083e00000, 0x0000000083f00000|  0%| F|  |TAMS 0x0000000083e00000, 0x0000000083e00000| Untracked 
|  41|0x0000000083f00000, 0x0000000083f00000, 0x0000000084000000|  0%| F|  |TAMS 0x0000000083f00000, 0x0000000083f00000| Untracked 
|  42|0x0000000084000000, 0x0000000084000000, 0x0000000084100000|  0%| F|  |TAMS 0x0000000084000000, 0x0000000084000000| Untracked 
|  43|0x0000000084100000, 0x0000000084100000, 0x0000000084200000|  0%| F|  |TAMS 0x0000000084100000, 0x0000000084100000| Untracked 
|  44|0x0000000084200000, 0x0000000084200000, 0x0000000084300000|  0%| F|  |TAMS 0x0000000084200000, 0x0000000084200000| Untracked 
|  45|0x0000000084300000, 0x0000000084300000, 0x0000000084400000|  0%| F|  |TAMS 0x0000000084300000, 0x0000000084300000| Untracked 
|  46|0x0000000084400000, 0x0000000084400000, 0x0000000084500000|  0%| F|  |TAMS 0x0000000084400000, 0x0000000084400000| Untracked 
|  47|0x0000000084500000, 0x0000000084500000, 0x0000000084600000|  0%| F|  |TAMS 0x0000000084500000, 0x0000000084500000| Untracked 
|  48|0x0000000084600000, 0x0000000084600000, 0x0000000084700000|  0%| F|  |TAMS 0x0000000084600000, 0x0000000084600000| Untracked 
|  49|0x0000000084700000, 0x0000000084700000, 0x0000000084800000|  0%| F|  |TAMS 0x0000000084700000, 0x0000000084700000| Untracked 
|  50|0x0000000084800000, 0x0000000084800000, 0x0000000084900000|  0%| F|  |TAMS 0x0000000084800000, 0x0000000084800000| Untracked 
|  51|0x0000000084900000, 0x0000000084900000, 0x0000000084a00000|  0%| F|  |TAMS 0x0000000084900000, 0x0000000084900000| Untracked 
|  52|0x0000000084a00000, 0x0000000084a00000, 0x0000000084b00000|  0%| F|  |TAMS 0x0000000084a00000, 0x0000000084a00000| Untracked 
|  53|0x0000000084b00000, 0x0000000084b00000, 0x0000000084c00000|  0%| F|  |TAMS 0x0000000084b00000, 0x0000000084b00000| Untracked 
|  54|0x0000000084c00000, 0x0000000084c00000, 0x0000000084d00000|  0%| F|  |TAMS 0x0000000084c00000, 0x0000000084c00000| Untracked 
|  55|0x0000000084d00000, 0x0000000084d00000, 0x0000000084e00000|  0%| F|  |TAMS 0x0000000084d00000, 0x0000000084d00000| Untracked 
|  56|0x0000000084e00000, 0x0000000084e00000, 0x0000000084f00000|  0%| F|  |TAMS 0x0000000084e00000, 0x0000000084e00000| Untracked 
|  57|0x0000000084f00000, 0x0000000084f00000, 0x0000000085000000|  0%| F|  |TAMS 0x0000000084f00000, 0x0000000084f00000| Untracked 
|  58|0x0000000085000000, 0x0000000085000000, 0x0000000085100000|  0%| F|  |TAMS 0x0000000085000000, 0x0000000085000000| Untracked 
|  59|0x0000000085100000, 0x0000000085100000, 0x0000000085200000|  0%| F|  |TAMS 0x0000000085100000, 0x0000000085100000| Untracked 
|  60|0x0000000085200000, 0x0000000085200000, 0x0000000085300000|  0%| F|  |TAMS 0x0000000085200000, 0x0000000085200000| Untracked 
|  61|0x0000000085300000, 0x0000000085300000, 0x0000000085400000|  0%| F|  |TAMS 0x0000000085300000, 0x0000000085300000| Untracked 
|  62|0x0000000085400000, 0x0000000085400000, 0x0000000085500000|  0%| F|  |TAMS 0x0000000085400000, 0x0000000085400000| Untracked 
|  63|0x0000000085500000, 0x0000000085500000, 0x0000000085600000|  0%| F|  |TAMS 0x0000000085500000, 0x0000000085500000| Untracked 
|  64|0x0000000085600000, 0x0000000085600000, 0x0000000085700000|  0%| F|  |TAMS 0x0000000085600000, 0x0000000085600000| Untracked 
|  65|0x0000000085700000, 0x0000000085700000, 0x0000000085800000|  0%| F|  |TAMS 0x0000000085700000, 0x0000000085700000| Untracked 
|  66|0x0000000085800000, 0x0000000085800000, 0x0000000085900000|  0%| F|  |TAMS 0x0000000085800000, 0x0000000085800000| Untracked 
|  67|0x0000000085900000, 0x0000000085900000, 0x0000000085a00000|  0%| F|  |TAMS 0x0000000085900000, 0x0000000085900000| Untracked 
|  68|0x0000000085a00000, 0x0000000085a00000, 0x0000000085b00000|  0%| F|  |TAMS 0x0000000085a00000, 0x0000000085a00000| Untracked 
|  69|0x0000000085b00000, 0x0000000085b00000, 0x0000000085c00000|  0%| F|  |TAMS 0x0000000085b00000, 0x0000000085b00000| Untracked 
|  70|0x0000000085c00000, 0x0000000085c00000, 0x0000000085d00000|  0%| F|  |TAMS 0x0000000085c00000, 0x0000000085c00000| Untracked 
|  71|0x0000000085d00000, 0x0000000085d00000, 0x0000000085e00000|  0%| F|  |TAMS 0x0000000085d00000, 0x0000000085d00000| Untracked 
|  72|0x0000000085e00000, 0x0000000085e00000, 0x0000000085f00000|  0%| F|  |TAMS 0x0000000085e00000, 0x0000000085e00000| Untracked 
|  73|0x0000000085f00000, 0x0000000085f00000, 0x0000000086000000|  0%| F|  |TAMS 0x0000000085f00000, 0x0000000085f00000| Untracked 
|  74|0x0000000086000000, 0x0000000086000000, 0x0000000086100000|  0%| F|  |TAMS 0x0000000086000000, 0x0000000086000000| Untracked 
|  75|0x0000000086100000, 0x0000000086100000, 0x0000000086200000|  0%| F|  |TAMS 0x0000000086100000, 0x0000000086100000| Untracked 
|  76|0x0000000086200000, 0x0000000086200000, 0x0000000086300000|  0%| F|  |TAMS 0x0000000086200000, 0x0000000086200000| Untracked 
|  77|0x0000000086300000, 0x0000000086300000, 0x0000000086400000|  0%| F|  |TAMS 0x0000000086300000, 0x0000000086300000| Untracked 
|  78|0x0000000086400000, 0x0000000086400000, 0x0000000086500000|  0%| F|  |TAMS 0x0000000086400000, 0x0000000086400000| Untracked 
|  79|0x0000000086500000, 0x0000000086500000, 0x0000000086600000|  0%| F|  |TAMS 0x0000000086500000, 0x0000000086500000| Untracked 
|  80|0x0000000086600000, 0x0000000086600000, 0x0000000086700000|  0%| F|  |TAMS 0x0000000086600000, 0x0000000086600000| Untracked 
|  81|0x0000000086700000, 0x0000000086700000, 0x0000000086800000|  0%| F|  |TAMS 0x0000000086700000, 0x0000000086700000| Untracked 
|  82|0x0000000086800000, 0x0000000086800000, 0x0000000086900000|  0%| F|  |TAMS 0x0000000086800000, 0x0000000086800000| Untracked 
|  83|0x0000000086900000, 0x0000000086900000, 0x0000000086a00000|  0%| F|  |TAMS 0x0000000086900000, 0x0000000086900000| Untracked 
|  84|0x0000000086a00000, 0x0000000086a00000, 0x0000000086b00000|  0%| F|  |TAMS 0x0000000086a00000, 0x0000000086a00000| Untracked 
|  85|0x0000000086b00000, 0x0000000086b00000, 0x0000000086c00000|  0%| F|  |TAMS 0x0000000086b00000, 0x0000000086b00000| Untracked 
|  86|0x0000000086c00000, 0x0000000086c00000, 0x0000000086d00000|  0%| F|  |TAMS 0x0000000086c00000, 0x0000000086c00000| Untracked 
|  87|0x0000000086d00000, 0x0000000086d00000, 0x0000000086e00000|  0%| F|  |TAMS 0x0000000086d00000, 0x0000000086d00000| Untracked 
|  88|0x0000000086e00000, 0x0000000086e00000, 0x0000000086f00000|  0%| F|  |TAMS 0x0000000086e00000, 0x0000000086e00000| Untracked 
|  89|0x0000000086f00000, 0x0000000086f00000, 0x0000000087000000|  0%| F|  |TAMS 0x0000000086f00000, 0x0000000086f00000| Untracked 
|  90|0x0000000087000000, 0x0000000087000000, 0x0000000087100000|  0%| F|  |TAMS 0x0000000087000000, 0x0000000087000000| Untracked 
|  91|0x0000000087100000, 0x0000000087100000, 0x0000000087200000|  0%| F|  |TAMS 0x0000000087100000, 0x0000000087100000| Untracked 
|  92|0x0000000087200000, 0x0000000087200000, 0x0000000087300000|  0%| F|  |TAMS 0x0000000087200000, 0x0000000087200000| Untracked 
|  93|0x0000000087300000, 0x0000000087300000, 0x0000000087400000|  0%| F|  |TAMS 0x0000000087300000, 0x0000000087300000| Untracked 
|  94|0x0000000087400000, 0x0000000087400000, 0x0000000087500000|  0%| F|  |TAMS 0x0000000087400000, 0x0000000087400000| Untracked 
|  95|0x0000000087500000, 0x0000000087500000, 0x0000000087600000|  0%| F|  |TAMS 0x0000000087500000, 0x0000000087500000| Untracked 
|  96|0x0000000087600000, 0x0000000087600000, 0x0000000087700000|  0%| F|  |TAMS 0x0000000087600000, 0x0000000087600000| Untracked 
|  97|0x0000000087700000, 0x0000000087700000, 0x0000000087800000|  0%| F|  |TAMS 0x0000000087700000, 0x0000000087700000| Untracked 
|  98|0x0000000087800000, 0x0000000087800000, 0x0000000087900000|  0%| F|  |TAMS 0x0000000087800000, 0x0000000087800000| Untracked 
|  99|0x0000000087900000, 0x0000000087900000, 0x0000000087a00000|  0%| F|  |TAMS 0x0000000087900000, 0x0000000087900000| Untracked 
| 100|0x0000000087a00000, 0x0000000087a00000, 0x0000000087b00000|  0%| F|  |TAMS 0x0000000087a00000, 0x0000000087a00000| Untracked 
| 101|0x0000000087b00000, 0x0000000087b00000, 0x0000000087c00000|  0%| F|  |TAMS 0x0000000087b00000, 0x0000000087b00000| Untracked 
| 102|0x0000000087c00000, 0x0000000087c00000, 0x0000000087d00000|  0%| F|  |TAMS 0x0000000087c00000, 0x0000000087c00000| Untracked 
| 103|0x0000000087d00000, 0x0000000087d00000, 0x0000000087e00000|  0%| F|  |TAMS 0x0000000087d00000, 0x0000000087d00000| Untracked 
| 104|0x0000000087e00000, 0x0000000087e00000, 0x0000000087f00000|  0%| F|  |TAMS 0x0000000087e00000, 0x0000000087e00000| Untracked 
| 105|0x0000000087f00000, 0x0000000087f00000, 0x0000000088000000|  0%| F|  |TAMS 0x0000000087f00000, 0x0000000087f00000| Untracked 
| 106|0x0000000088000000, 0x0000000088000000, 0x0000000088100000|  0%| F|  |TAMS 0x0000000088000000, 0x0000000088000000| Untracked 
| 107|0x0000000088100000, 0x0000000088100000, 0x0000000088200000|  0%| F|  |TAMS 0x0000000088100000, 0x0000000088100000| Untracked 
| 108|0x0000000088200000, 0x0000000088200000, 0x0000000088300000|  0%| F|  |TAMS 0x0000000088200000, 0x0000000088200000| Untracked 
| 109|0x0000000088300000, 0x0000000088300000, 0x0000000088400000|  0%| F|  |TAMS 0x0000000088300000, 0x0000000088300000| Untracked 
| 110|0x0000000088400000, 0x0000000088400000, 0x0000000088500000|  0%| F|  |TAMS 0x0000000088400000, 0x0000000088400000| Untracked 
| 111|0x0000000088500000, 0x0000000088500000, 0x0000000088600000|  0%| F|  |TAMS 0x0000000088500000, 0x0000000088500000| Untracked 
| 112|0x0000000088600000, 0x0000000088700000, 0x0000000088700000|100%| S|CS|TAMS 0x0000000088600000, 0x0000000088600000| Complete 
| 113|0x0000000088700000, 0x0000000088800000, 0x0000000088800000|100%| S|CS|TAMS 0x0000000088700000, 0x0000000088700000| Complete 
| 114|0x0000000088800000, 0x0000000088800000, 0x0000000088900000|  0%| F|  |TAMS 0x0000000088800000, 0x0000000088800000| Untracked 
| 115|0x0000000088900000, 0x0000000088900000, 0x0000000088a00000|  0%| F|  |TAMS 0x0000000088900000, 0x0000000088900000| Untracked 
| 116|0x0000000088a00000, 0x0000000088a00000, 0x0000000088b00000|  0%| F|  |TAMS 0x0000000088a00000, 0x0000000088a00000| Untracked 
| 117|0x0000000088b00000, 0x0000000088b00000, 0x0000000088c00000|  0%| F|  |TAMS 0x0000000088b00000, 0x0000000088b00000| Untracked 
| 118|0x0000000088c00000, 0x0000000088c00000, 0x0000000088d00000|  0%| F|  |TAMS 0x0000000088c00000, 0x0000000088c00000| Untracked 
| 119|0x0000000088d00000, 0x0000000088d00000, 0x0000000088e00000|  0%| F|  |TAMS 0x0000000088d00000, 0x0000000088d00000| Untracked 
| 120|0x0000000088e00000, 0x0000000088e00000, 0x0000000088f00000|  0%| F|  |TAMS 0x0000000088e00000, 0x0000000088e00000| Untracked 
| 121|0x0000000088f00000, 0x0000000088f00000, 0x0000000089000000|  0%| F|  |TAMS 0x0000000088f00000, 0x0000000088f00000| Untracked 
| 122|0x0000000089000000, 0x0000000089000000, 0x0000000089100000|  0%| F|  |TAMS 0x0000000089000000, 0x0000000089000000| Untracked 
| 123|0x0000000089100000, 0x0000000089100000, 0x0000000089200000|  0%| F|  |TAMS 0x0000000089100000, 0x0000000089100000| Untracked 
| 124|0x0000000089200000, 0x0000000089200000, 0x0000000089300000|  0%| F|  |TAMS 0x0000000089200000, 0x0000000089200000| Untracked 
| 125|0x0000000089300000, 0x0000000089300000, 0x0000000089400000|  0%| F|  |TAMS 0x0000000089300000, 0x0000000089300000| Untracked 
| 126|0x0000000089400000, 0x0000000089478420, 0x0000000089500000| 46%| E|  |TAMS 0x0000000089400000, 0x0000000089400000| Complete 
| 127|0x0000000089500000, 0x0000000089600000, 0x0000000089600000|100%| E|CS|TAMS 0x0000000089500000, 0x0000000089500000| Complete 

Card table byte_map: [0x0000022cf7320000,0x0000022cf7720000] _byte_map_base: 0x0000022cf6f15000

Marking Bits (Prev, Next): (CMBitMap*) 0x0000022ceccd0f48, (CMBitMap*) 0x0000022ceccd0f80
 Prev Bits: [0x0000022cf7b20000, 0x0000022cf9ac8000)
 Next Bits: [0x0000022cf9ad0000, 0x0000022cfba78000)

Polling page: 0x0000022cecd70000

Metaspace:

Usage:
  Non-class:      8.71 MB capacity,     8.59 MB ( 99%) used,   109.89 KB (  1%) free+waste,     8.19 KB ( <1%) overhead. 
      Class:    943.00 KB capacity,   866.36 KB ( 92%) used,    73.27 KB (  8%) free+waste,     3.38 KB ( <1%) overhead. 
       Both:      9.63 MB capacity,     9.44 MB ( 98%) used,   183.16 KB (  2%) free+waste,    11.56 KB ( <1%) overhead. 

Virtual space:
  Non-class space:       14.00 MB reserved,       8.75 MB ( 63%) committed 
      Class space:        1.00 GB reserved,       1.00 MB ( <1%) committed 
             Both:        1.01 GB reserved,       9.75 MB ( <1%) committed 

Chunk freelists:
   Non-Class:  5.25 KB
       Class:  2.13 KB
        Both:  7.38 KB

CodeHeap 'non-profiled nmethods': size=120064Kb used=219Kb max_used=219Kb free=119844Kb
 bounds [0x0000022c87ac0000, 0x0000022c87d30000, 0x0000022c8f000000]
CodeHeap 'profiled nmethods': size=120000Kb used=1368Kb max_used=1368Kb free=118631Kb
 bounds [0x0000022c80590000, 0x0000022c80800000, 0x0000022c87ac0000]
CodeHeap 'non-nmethods': size=5696Kb used=1071Kb max_used=1089Kb free=4624Kb
 bounds [0x0000022c80000000, 0x0000022c80270000, 0x0000022c80590000]
 total_blobs=1067 nmethods=704 adapters=275
 compilation: enabled
              stopped_count=0, restarted_count=0
 full_count=0

Compilation events (10 events):
Event: 1.126 Thread 0x0000022cfeabe800  478       3       java.util.StringTokenizer::hasMoreTokens (29 bytes)
Event: 1.127 Thread 0x0000022cfeabe800 nmethod 478 0x0000022c80659110 code [0x0000022c806592c0, 0x0000022c806594d0]
Event: 1.127 Thread 0x0000022cfeabe800  480       3       java.util.StringTokenizer::nextToken (92 bytes)
Event: 1.127 Thread 0x0000022cfeabe800 nmethod 480 0x0000022c80659590 code [0x0000022c80659780, 0x0000022c80659b00]
Event: 1.127 Thread 0x0000022cfeabe800  483       1       java.lang.reflect.Method::getName (5 bytes)
Event: 1.127 Thread 0x0000022cfeabe800 nmethod 483 0x0000022c87ae7f10 code [0x0000022c87ae80a0, 0x0000022c87ae81b8]
Event: 1.129 Thread 0x0000022cfeabe800  484       1       java.lang.invoke.MethodHandle::type (5 bytes)
Event: 1.130 Thread 0x0000022cfeabe800 nmethod 484 0x0000022c87ae8210 code [0x0000022c87ae83a0, 0x0000022c87ae84b8]
Event: 1.130 Thread 0x0000022cfeabe800  485       3       java.lang.invoke.MethodType::parameterType (7 bytes)
Event: 1.130 Thread 0x0000022cfeabe800 nmethod 485 0x0000022c80659c90 code [0x0000022c80659e40, 0x0000022c80659fd8]

GC Heap History (0 events):
No events

Deoptimization events (7 events):
Event: 0.556 Thread 0x0000022cecc92800 Uncommon trap: reason=class_check action=maybe_recompile pc=0x0000022c87ace6ac method=java.util.HashMap.putVal(ILjava/lang/Object;Ljava/lang/Object;ZZ)Ljava/lang/Object; @ 152 c2
Event: 0.561 Thread 0x0000022cecc92800 Uncommon trap: reason=class_check action=maybe_recompile pc=0x0000022c87ace6ac method=java.util.HashMap.putVal(ILjava/lang/Object;Ljava/lang/Object;ZZ)Ljava/lang/Object; @ 152 c2
Event: 0.625 Thread 0x0000022cecc92800 Uncommon trap: reason=class_check action=maybe_recompile pc=0x0000022c87ace6ac method=java.util.HashMap.putVal(ILjava/lang/Object;Ljava/lang/Object;ZZ)Ljava/lang/Object; @ 152 c2
Event: 0.625 Thread 0x0000022cecc92800 Uncommon trap: reason=class_check action=maybe_recompile pc=0x0000022c87ace6ac method=java.util.HashMap.putVal(ILjava/lang/Object;Ljava/lang/Object;ZZ)Ljava/lang/Object; @ 152 c2
Event: 0.801 Thread 0x0000022cecc92800 Uncommon trap: reason=unstable_if action=reinterpret pc=0x0000022c87ad3798 method=java.util.zip.ZipFile$Source.isMetaName([BII)Z @ 57 c2
Event: 1.067 Thread 0x0000022cfe0e6800 Uncommon trap: reason=unstable_if action=reinterpret pc=0x0000022c87ac1310 method=java.lang.String.isLatin1()Z @ 10 c2
Event: 1.131 Thread 0x0000022cfe0e6800 Uncommon trap: reason=unstable_if action=reinterpret pc=0x0000022c87adf230 method=java.lang.String.startsWith(Ljava/lang/String;I)Z @ 14 c2

Classes redefined (0 events):
No events

Internal exceptions (0 events):
No events

Events (10 events):
Event: 1.131 Thread 0x0000022cfe0e6800 DEOPT PACKING pc=0x0000022c87adf230 sp=0x0000006bec5fe760
Event: 1.131 Thread 0x0000022cfe0e6800 DEOPT UNPACKING pc=0x0000022c80028eaf sp=0x0000006bec5fe6c8 mode 2
Event: 1.133 loading class java/util/LinkedHashMap$LinkedKeySet
Event: 1.134 loading class java/util/LinkedHashMap$LinkedKeySet done
Event: 1.134 loading class sun/util/locale/provider/LocaleResources$ResourceReference
Event: 1.134 loading class sun/util/locale/provider/LocaleResources$ResourceReference done
Event: 1.134 loading class sun/util/resources/TimeZoneNames
Event: 1.135 loading class sun/util/resources/TimeZoneNames done
Event: 1.135 loading class sun/util/resources/TimeZoneNames_en
Event: 1.135 loading class sun/util/resources/TimeZoneNames_en done


Dynamic libraries:
0x00007ff6bde20000 - 0x00007ff6bde2f000 	C:\Program Files\Java\jdk-11.0.9\bin\java.exe
0x00007ffb56db0000 - 0x00007ffb56fa5000 	C:\WINDOWS\SYSTEM32\ntdll.dll
0x00007ffb565f0000 - 0x00007ffb566ad000 	C:\WINDOWS\System32\KERNEL32.DLL
0x00007ffb54970000 - 0x00007ffb54c38000 	C:\WINDOWS\System32\KERNELBASE.dll
0x00007ffb54c40000 - 0x00007ffb54d40000 	C:\WINDOWS\System32\ucrtbase.dll
0x00007ffb4c540000 - 0x00007ffb4c555000 	C:\Program Files\Java\jdk-11.0.9\bin\VCRUNTIME140.dll
0x00007ffb4b670000 - 0x00007ffb4b688000 	C:\Program Files\Java\jdk-11.0.9\bin\jli.dll
0x00007ffb56c20000 - 0x00007ffb56ccc000 	C:\WINDOWS\System32\ADVAPI32.dll
0x00007ffb56cd0000 - 0x00007ffb56d6e000 	C:\WINDOWS\System32\msvcrt.dll
0x00007ffb54e10000 - 0x00007ffb54eab000 	C:\WINDOWS\System32\sechost.dll
0x00007ffb54ed0000 - 0x00007ffb54ffb000 	C:\WINDOWS\System32\RPCRT4.dll
0x00007ffb561a0000 - 0x00007ffb56340000 	C:\WINDOWS\System32\USER32.dll
0x00007ffb54d40000 - 0x00007ffb54d62000 	C:\WINDOWS\System32\win32u.dll
0x00007ffb55490000 - 0x00007ffb554ba000 	C:\WINDOWS\System32\GDI32.dll
0x00007ffb545c0000 - 0x00007ffb546cb000 	C:\WINDOWS\System32\gdi32full.dll
0x00007ffb54d70000 - 0x00007ffb54e0d000 	C:\WINDOWS\System32\msvcp_win.dll
0x00007ffb43f20000 - 0x00007ffb441ba000 	C:\WINDOWS\WinSxS\amd64_microsoft.windows.common-controls_6595b64144ccf1df_6.0.19041.844_none_ca00b6081b84eb1d\COMCTL32.dll
0x00007ffb4d710000 - 0x00007ffb4d71a000 	C:\WINDOWS\SYSTEM32\VERSION.dll
0x00007ffb56530000 - 0x00007ffb56560000 	C:\WINDOWS\System32\IMM32.DLL
0x00007ffb4b4c0000 - 0x00007ffb4b55b000 	C:\Program Files\Java\jdk-11.0.9\bin\msvcp140.dll
0x00007ffb1e7a0000 - 0x00007ffb1f297000 	C:\Program Files\Java\jdk-11.0.9\bin\server\jvm.dll
0x00007ffb566b0000 - 0x00007ffb566b8000 	C:\WINDOWS\System32\PSAPI.DLL
0x00007ffb1fc10000 - 0x00007ffb1fc19000 	C:\WINDOWS\SYSTEM32\WSOCK32.dll
0x00007ffb56ae0000 - 0x00007ffb56b4b000 	C:\WINDOWS\System32\WS2_32.dll
0x00007ffb4c8e0000 - 0x00007ffb4c907000 	C:\WINDOWS\SYSTEM32\WINMM.dll
0x00007ffb52430000 - 0x00007ffb52442000 	C:\WINDOWS\SYSTEM32\kernel.appcore.dll
0x00007ffb4fe90000 - 0x00007ffb4fea0000 	C:\Program Files\Java\jdk-11.0.9\bin\verify.dll
0x00007ffb45720000 - 0x00007ffb45904000 	C:\WINDOWS\SYSTEM32\DBGHELP.DLL
0x00007ffb456f0000 - 0x00007ffb4571c000 	C:\WINDOWS\SYSTEM32\dbgcore.DLL
0x00007ffb54540000 - 0x00007ffb545c0000 	C:\WINDOWS\System32\bcryptPrimitives.dll
0x00007ffb4b460000 - 0x00007ffb4b488000 	C:\Program Files\Java\jdk-11.0.9\bin\java.dll
0x00007ffb4b660000 - 0x00007ffb4b66a000 	C:\Program Files\Java\jdk-11.0.9\bin\jimage.dll
0x00007ffb4b4b0000 - 0x00007ffb4b4be000 	C:\Program Files\Java\jdk-11.0.9\bin\instrument.dll
0x00007ffb4b440000 - 0x00007ffb4b456000 	C:\Program Files\Java\jdk-11.0.9\bin\zip.dll
0x00007ffb55a50000 - 0x00007ffb56192000 	C:\WINDOWS\System32\SHELL32.dll
0x00007ffb52630000 - 0x00007ffb52dc1000 	C:\WINDOWS\SYSTEM32\windows.storage.dll
0x00007ffb556f0000 - 0x00007ffb55a45000 	C:\WINDOWS\System32\combase.dll
0x00007ffb53f60000 - 0x00007ffb53f8c000 	C:\WINDOWS\SYSTEM32\Wldp.dll
0x00007ffb566c0000 - 0x00007ffb5676e000 	C:\WINDOWS\System32\SHCORE.dll
0x00007ffb56a80000 - 0x00007ffb56ad5000 	C:\WINDOWS\System32\shlwapi.dll
0x00007ffb54430000 - 0x00007ffb5444f000 	C:\WINDOWS\SYSTEM32\profapi.dll
0x00007ffb4b2e0000 - 0x00007ffb4b2f9000 	C:\Program Files\Java\jdk-11.0.9\bin\net.dll
0x00007ffb450e0000 - 0x00007ffb451eb000 	C:\WINDOWS\SYSTEM32\WINHTTP.dll
0x00007ffb53cd0000 - 0x00007ffb53d3a000 	C:\WINDOWS\system32\mswsock.dll
0x00007ffb48910000 - 0x00007ffb48922000 	C:\Program Files\Java\jdk-11.0.9\bin\nio.dll
0x00007ffb48870000 - 0x00007ffb4888a000 	C:\Program Files\JetBrains\IntelliJ IDEA 2019.3\bin\breakgen64.dll

dbghelp: loaded successfully - version: 4.0.5 - missing functions: none
symbol engine: initialized successfully - sym options: 0x614 - pdb path: .;C:\Program Files\Java\jdk-11.0.9\bin;C:\WINDOWS\SYSTEM32;C:\WINDOWS\WinSxS\amd64_microsoft.windows.common-controls_6595b64144ccf1df_6.0.19041.844_none_ca00b6081b84eb1d;C:\Program Files\Java\jdk-11.0.9\bin\server;C:\Program Files\JetBrains\IntelliJ IDEA 2019.3\bin

VM Arguments:
jvm_args: -javaagent:C:\Program Files\JetBrains\IntelliJ IDEA 2019.3\lib\idea_rt.jar=50614:C:\Program Files\JetBrains\IntelliJ IDEA 2019.3\bin -Dfile.encoding=UTF-8 
java_command: com.tatchik.catalog.CatalogApplication
java_class_path (initial): C:\Program Files\Java\jdk-11.0.9;C:\Users\Work\IdeaProjects\catalog\target\classes;C:\Users\Work\IdeaProjects\catalog\lib\javax.jms.jar;C:\Users\Work\IdeaProjects\catalog\lib\javax.resource.jar;C:\Users\Work\IdeaProjects\catalog\lib\javax.ejb.jar;C:\Users\Work\IdeaProjects\catalog;C:\Users\Work\.m2\repository\org\apache\tomcat\embed\tomcat-embed-core\9.0.43\tomcat-embed-core-9.0.43.jar;C:\Users\Work\.m2\repository\org\apache\tomcat\tomcat-annotations-api\9.0.43\tomcat-annotations-api-9.0.43.jar;C:\Users\Work\.m2\repository\jstl\jstl\1.2\jstl-1.2.jar;C:\Users\Work\.m2\repository\javax\servlet\jsp\jsp-api\2.1\jsp-api-2.1.jar;C:\Users\Work\.m2\repository\javax\servlet\jstl\1.2\jstl-1.2.jar;C:\Users\Work\.m2\repository\org\springframework\boot\spring-boot-starter-data-jpa\2.4.3\spring-boot-starter-data-jpa-2.4.3.jar;C:\Users\Work\.m2\repository\org\springframework\boot\spring-boot-starter-aop\2.4.3\spring-boot-starter-aop-2.4.3.jar;C:\Users\Work\.m2\repository\org\springframework\spring-aop\5.3.4\spring-aop-5.3.4.jar;C:\Users\Work\.m2\repository\org\aspectj\aspectjweaver\1.9.6\aspectjweaver-1.9.6.jar;C:\Users\Work\.m2\repository\org\springframework\boot\spring-boot-starter-jdbc\2.4.3\spring-boot-starter-jdbc-2.4.3.jar;C:\Users\Work\.m2\repository\com\zaxxer\HikariCP\3.4.5\HikariCP-3.4.5.jar;C:\Users\Work\.m2\repository\org\springframework\spring-jdbc\5.3.4\spring-jdbc-5.3.4.jar;C:\Users\Work\.m2\repository\jakarta\transaction\jakarta.transaction-api\1.3.3\jakarta.transaction-api-1.3.3.jar;C:\Users\Work\.m2\repository\jakarta\persistence\jakarta.persistence-api\2.2.3\jakarta.persistence-api-2.2.3.jar;C:\Users\Work\.m2\repository\org\hibernate\hibernate-core\5.4.28.Final\hibernate-core-5.4.28.Final.jar;C:\Users\Work\.m2\repository\org\jboss\logging\jboss-logging\3.4.1.Final\jboss-logging-3.4.1.Final.jar;C:\Users\Work\.m2\repository\org\javassist\javassist\3.27.0-GA\javassist-3.27.0-GA.jar;C:\Users\Work\.m2\repository\net\bytebuddy\byte-buddy\1
Launcher Type: SUN_STANDARD

[Global flags]
     intx CICompilerCount                          = 3                                         {product} {ergonomic}
     uint ConcGCThreads                            = 1                                         {product} {ergonomic}
     uint G1ConcRefinementThreads                  = 4                                         {product} {ergonomic}
   size_t G1HeapRegionSize                         = 1048576                                   {product} {ergonomic}
    uintx GCDrainStackTargetSize                   = 64                                        {product} {ergonomic}
   size_t InitialHeapSize                          = 134217728                                 {product} {ergonomic}
   size_t MarkStackSize                            = 4194304                                   {product} {ergonomic}
   size_t MaxHeapSize                              = 2124414976                                {product} {ergonomic}
   size_t MaxNewSize                               = 1274019840                                {product} {ergonomic}
   size_t MinHeapDeltaBytes                        = 1048576                                   {product} {ergonomic}
    uintx NonNMethodCodeHeapSize                   = 5830732                                {pd product} {ergonomic}
    uintx NonProfiledCodeHeapSize                  = 122913754                              {pd product} {ergonomic}
    uintx ProfiledCodeHeapSize                     = 122913754                              {pd product} {ergonomic}
    uintx ReservedCodeCacheSize                    = 251658240                              {pd product} {ergonomic}
     bool SegmentedCodeCache                       = true                                      {product} {ergonomic}
     bool UseCompressedClassPointers               = true                                 {lp64_product} {ergonomic}
     bool UseCompressedOops                        = true                                 {lp64_product} {ergonomic}
     bool UseG1GC                                  = true                                      {product} {ergonomic}
     bool UseLargePagesIndividualAllocation        = false                                  {pd product} {ergonomic}

Logging:
Log output configuration:
 #0: stdout all=warning uptime,level,tags
 #1: stderr all=off uptime,level,tags

Environment Variables:
JAVA_HOME=C:\Program Files\Java\jdk-11.0.9
CLASSPATH=.;C:\Program Files (x86)\QuickTime\QTSystem\QTJava.zip
PATH=C:\Program Files\Java\jdk-11.0.9\bin;C:\WINDOWS\system32;C:\WINDOWS;C:\WINDOWS\System32\Wbem;C:\WINDOWS\System32\WindowsPowerShell\v1.0\;C:\WINDOWS\System32\OpenSSH\;C:\Program Files (x86)\ATI Technologies\ATI.ACE\Core-Static;C:\Program Files\Git\cmd;C:\Program Files (x86)\QuickTime\QTSystem\;C:\Program Files\MySQL\MySQL Shell 8.0\bin\;C:\Users\Work\AppData\Local\Microsoft\WindowsApps;C:\Program Files\JetBrains\IntelliJ IDEA Community Edition 2019.3\bin;C:\Users\Work\AppData\Local\Programs\Microsoft VS Code\bin;C:\Users\Work\AppData\Local\GitHubDesktop\bin;C:\Users\Work\AppData\Local\Microsoft\WindowsApps;;C:\Program Files\JetBrains\DataGrip 2020.3.2\bin;
USERNAME=Work
OS=Windows_NT
PROCESSOR_IDENTIFIER=Intel64 Family 6 Model 42 Stepping 7, GenuineIntel



---------------  S Y S T E M  ---------------

OS: Windows 10 , 64 bit Build 19041 (10.0.19041.804)

CPU:total 4 (initial active 4) (2 cores per cpu, 2 threads per core) family 6 model 42 stepping 7, cmov, cx8, fxsr, mmx, sse, sse2, sse3, ssse3, sse4.1, sse4.2, popcnt, avx, aes, clmul, ht, tsc, tscinvbit

Memory: 4k page, system-wide physical 8103M (1089M free)
TotalPageFile size 8903M (AvailPageFile size 202M)
current process WorkingSet (physical memory assigned to process): 67M, peak: 67M
current process commit charge ("private bytes"): 211M, peak: 212M

vm_info: Java HotSpot(TM) 64-Bit Server VM (11.0.9+7-LTS) for windows-amd64 JRE (11.0.9+7-LTS), built on Sep 15 2020 16:47:03 by "mach5one" with MS VC++ 15.9 (VS2017)

END.
